执行日期：2014-09-03-09：46：59
【接收到的notify通知】:
<xml><appid><![CDATA[wxf5b5e87a6a0fde94]]></appid>
<bank_type><![CDATA[CFT]]></bank_type>
<fee_type><![CDATA[CNY]]></fee_type>
<is_subscribe><![CDATA[N]]></is_subscribe>
<mch_id><![CDATA[10000097]]></mch_id>
<nonce_str><![CDATA[dz8nirk7gmxhhxn38zgib28yx14ul2gf]]></nonce_str>
<openid><![CDATA[ozoKAt-MmA74zs7MBafCix6Dg8o0]]></openid>
<out_trade_no><![CDATA[wxf5b5e87a6a0fde941409708791]]></out_trade_no>
<result_code><![CDATA[SUCCESS]]></result_code>
<return_code><![CDATA[SUCCESS]]></return_code>
<sign><![CDATA[EDACA525F6C675337B2DAC25B7145028]]></sign>
<sub_mch_id><![CDATA[10000097]]></sub_mch_id>
<time_end><![CDATA[20140903094659]]></time_end>
<total_fee>1</total_fee>
<trade_type><![CDATA[NATIVE]]></trade_type>
<transaction_id><![CDATA[1004400737201409030005091526]]></transaction_id>
</xml>


执行日期：2014-09-03-09：46：59
【支付成功】:
<xml><appid><![CDATA[wxf5b5e87a6a0fde94]]></appid>
<bank_type><![CDATA[CFT]]></bank_type>
<fee_type><![CDATA[CNY]]></fee_type>
<is_subscribe><![CDATA[N]]></is_subscribe>
<mch_id><![CDATA[10000097]]></mch_id>
<nonce_str><![CDATA[dz8nirk7gmxhhxn38zgib28yx14ul2gf]]></nonce_str>
<openid><![CDATA[ozoKAt-MmA74zs7MBafCix6Dg8o0]]></openid>
<out_trade_no><![CDATA[wxf5b5e87a6a0fde941409708791]]></out_trade_no>
<result_code><![CDATA[SUCCESS]]></result_code>
<return_code><![CDATA[SUCCESS]]></return_code>
<sign><![CDATA[EDACA525F6C675337B2DAC25B7145028]]></sign>
<sub_mch_id><![CDATA[10000097]]></sub_mch_id>
<time_end><![CDATA[20140903094659]]></time_end>
<total_fee>1</total_fee>
<trade_type><![CDATA[NATIVE]]></trade_type>
<transaction_id><![CDATA[1004400737201409030005091526]]></transaction_id>
</xml>


执行日期：2014-09-03-09：52：07
【接收到的notify通知】:



执行日期：2014-09-03-10：15：27
【接收到的notify通知】:



执行日期：2014-09-03-10：25：41
【接收到的notify通知】:
<xml><appid><![CDATA[wxf5b5e87a6a0fde94]]></appid>
<bank_type><![CDATA[CFT]]></bank_type>
<fee_type><![CDATA[CNY]]></fee_type>
<is_subscribe><![CDATA[N]]></is_subscribe>
<mch_id><![CDATA[10000097]]></mch_id>
<nonce_str><![CDATA[l399dq3x98zfnzvkmjyybhfme8xpw9ws]]></nonce_str>
<openid><![CDATA[ozoKAt-MmA74zs7MBafCix6Dg8o0]]></openid>
<out_trade_no><![CDATA[wxf5b5e87a6a0fde941409711119]]></out_trade_no>
<result_code><![CDATA[SUCCESS]]></result_code>
<return_code><![CDATA[SUCCESS]]></return_code>
<sign><![CDATA[0F8620FF980BED05C20AFD78646098E2]]></sign>
<sub_mch_id><![CDATA[10000097]]></sub_mch_id>
<time_end><![CDATA[20140903102540]]></time_end>
<total_fee>1</total_fee>
<trade_type><![CDATA[NATIVE]]></trade_type>
<transaction_id><![CDATA[1004400737201409030005088180]]></transaction_id>
</xml>


执行日期：2014-09-03-10：25：41
【支付成功】:
<xml><appid><![CDATA[wxf5b5e87a6a0fde94]]></appid>
<bank_type><![CDATA[CFT]]></bank_type>
<fee_type><![CDATA[CNY]]></fee_type>
<is_subscribe><![CDATA[N]]></is_subscribe>
<mch_id><![CDATA[10000097]]></mch_id>
<nonce_str><![CDATA[l399dq3x98zfnzvkmjyybhfme8xpw9ws]]></nonce_str>
<openid><![CDATA[ozoKAt-MmA74zs7MBafCix6Dg8o0]]></openid>
<out_trade_no><![CDATA[wxf5b5e87a6a0fde941409711119]]></out_trade_no>
<result_code><![CDATA[SUCCESS]]></result_code>
<return_code><![CDATA[SUCCESS]]></return_code>
<sign><![CDATA[0F8620FF980BED05C20AFD78646098E2]]></sign>
<sub_mch_id><![CDATA[10000097]]></sub_mch_id>
<time_end><![CDATA[20140903102540]]></time_end>
<total_fee>1</total_fee>
<trade_type><![CDATA[NATIVE]]></trade_type>
<transaction_id><![CDATA[1004400737201409030005088180]]></transaction_id>
</xml>


执行日期：2014-09-03-12：58：16
【接收到的notify通知】:
<xml><appid><![CDATA[wxf5b5e87a6a0fde94]]></appid>
<bank_type><![CDATA[CFT]]></bank_type>
<fee_type><![CDATA[CNY]]></fee_type>
<is_subscribe><![CDATA[N]]></is_subscribe>
<mch_id><![CDATA[10000097]]></mch_id>
<nonce_str><![CDATA[zjdmq3zooztpb3t97vs98lu9n82i2w30]]></nonce_str>
<openid><![CDATA[ozoKAt-MmA74zs7MBafCix6Dg8o0]]></openid>
<out_trade_no><![CDATA[wxf5b5e87a6a0fde941409720287]]></out_trade_no>
<result_code><![CDATA[SUCCESS]]></result_code>
<return_code><![CDATA[SUCCESS]]></return_code>
<sign><![CDATA[D1FC9907C663C90441C42F5630EC4BB6]]></sign>
<sub_mch_id><![CDATA[10000097]]></sub_mch_id>
<time_end><![CDATA[20140903125815]]></time_end>
<total_fee>1</total_fee>
<trade_type><![CDATA[NATIVE]]></trade_type>
<transaction_id><![CDATA[1004400737201409030005092546]]></transaction_id>
</xml>


执行日期：2014-09-03-12：58：16
【支付成功】:
<xml><appid><![CDATA[wxf5b5e87a6a0fde94]]></appid>
<bank_type><![CDATA[CFT]]></bank_type>
<fee_type><![CDATA[CNY]]></fee_type>
<is_subscribe><![CDATA[N]]></is_subscribe>
<mch_id><![CDATA[10000097]]></mch_id>
<nonce_str><![CDATA[zjdmq3zooztpb3t97vs98lu9n82i2w30]]></nonce_str>
<openid><![CDATA[ozoKAt-MmA74zs7MBafCix6Dg8o0]]></openid>
<out_trade_no><![CDATA[wxf5b5e87a6a0fde941409720287]]></out_trade_no>
<result_code><![CDATA[SUCCESS]]></result_code>
<return_code><![CDATA[SUCCESS]]></return_code>
<sign><![CDATA[D1FC9907C663C90441C42F5630EC4BB6]]></sign>
<sub_mch_id><![CDATA[10000097]]></sub_mch_id>
<time_end><![CDATA[20140903125815]]></time_end>
<total_fee>1</total_fee>
<trade_type><![CDATA[NATIVE]]></trade_type>
<transaction_id><![CDATA[1004400737201409030005092546]]></transaction_id>
</xml>


执行日期：2014-09-03-12：58：38
【接收到的notify通知】:
<xml><appid><![CDATA[wxf5b5e87a6a0fde94]]></appid>
<bank_type><![CDATA[CFT]]></bank_type>
<fee_type><![CDATA[CNY]]></fee_type>
<is_subscribe><![CDATA[N]]></is_subscribe>
<mch_id><![CDATA[10000097]]></mch_id>
<nonce_str><![CDATA[k1rfe2krf1syhrwvjotk35do3aqgcah3]]></nonce_str>
<openid><![CDATA[ozoKAt-MmA74zs7MBafCix6Dg8o0]]></openid>
<out_trade_no><![CDATA[wxf5b5e87a6a0fde941409720303]]></out_trade_no>
<result_code><![CDATA[SUCCESS]]></result_code>
<return_code><![CDATA[SUCCESS]]></return_code>
<sign><![CDATA[A03C6B584DF1925C6A4FF56A4982F07A]]></sign>
<sub_mch_id><![CDATA[10000097]]></sub_mch_id>
<time_end><![CDATA[20140903125838]]></time_end>
<total_fee>1</total_fee>
<trade_type><![CDATA[NATIVE]]></trade_type>
<transaction_id><![CDATA[1004400737201409030005088363]]></transaction_id>
</xml>


执行日期：2014-09-03-12：58：38
【支付成功】:
<xml><appid><![CDATA[wxf5b5e87a6a0fde94]]></appid>
<bank_type><![CDATA[CFT]]></bank_type>
<fee_type><![CDATA[CNY]]></fee_type>
<is_subscribe><![CDATA[N]]></is_subscribe>
<mch_id><![CDATA[10000097]]></mch_id>
<nonce_str><![CDATA[k1rfe2krf1syhrwvjotk35do3aqgcah3]]></nonce_str>
<openid><![CDATA[ozoKAt-MmA74zs7MBafCix6Dg8o0]]></openid>
<out_trade_no><![CDATA[wxf5b5e87a6a0fde941409720303]]></out_trade_no>
<result_code><![CDATA[SUCCESS]]></result_code>
<return_code><![CDATA[SUCCESS]]></return_code>
<sign><![CDATA[A03C6B584DF1925C6A4FF56A4982F07A]]></sign>
<sub_mch_id><![CDATA[10000097]]></sub_mch_id>
<time_end><![CDATA[20140903125838]]></time_end>
<total_fee>1</total_fee>
<trade_type><![CDATA[NATIVE]]></trade_type>
<transaction_id><![CDATA[1004400737201409030005088363]]></transaction_id>
</xml>


执行日期：2014-09-03-15：23：37
【接收到的notify通知】:
<xml><appid><![CDATA[wxf5b5e87a6a0fde94]]></appid>
<bank_type><![CDATA[CFT]]></bank_type>
<fee_type><![CDATA[CNY]]></fee_type>
<is_subscribe><![CDATA[N]]></is_subscribe>
<mch_id><![CDATA[10000097]]></mch_id>
<nonce_str><![CDATA[visug9gr3d8awvfaudlbrpbfx7aaq1m9]]></nonce_str>
<openid><![CDATA[ozoKAt-MmA74zs7MBafCix6Dg8o0]]></openid>
<out_trade_no><![CDATA[wxf5b5e87a6a0fde941409729008]]></out_trade_no>
<result_code><![CDATA[SUCCESS]]></result_code>
<return_code><![CDATA[SUCCESS]]></return_code>
<sign><![CDATA[04A348DC6D9C0107BB7DE7AACCC500E8]]></sign>
<sub_mch_id><![CDATA[10000097]]></sub_mch_id>
<time_end><![CDATA[20140903152337]]></time_end>
<total_fee>1</total_fee>
<trade_type><![CDATA[JSAPI]]></trade_type>
<transaction_id><![CDATA[1004400737201409030005092382]]></transaction_id>
</xml>


执行日期：2014-09-03-15：23：37
【支付成功】:
<xml><appid><![CDATA[wxf5b5e87a6a0fde94]]></appid>
<bank_type><![CDATA[CFT]]></bank_type>
<fee_type><![CDATA[CNY]]></fee_type>
<is_subscribe><![CDATA[N]]></is_subscribe>
<mch_id><![CDATA[10000097]]></mch_id>
<nonce_str><![CDATA[visug9gr3d8awvfaudlbrpbfx7aaq1m9]]></nonce_str>
<openid><![CDATA[ozoKAt-MmA74zs7MBafCix6Dg8o0]]></openid>
<out_trade_no><![CDATA[wxf5b5e87a6a0fde941409729008]]></out_trade_no>
<result_code><![CDATA[SUCCESS]]></result_code>
<return_code><![CDATA[SUCCESS]]></return_code>
<sign><![CDATA[04A348DC6D9C0107BB7DE7AACCC500E8]]></sign>
<sub_mch_id><![CDATA[10000097]]></sub_mch_id>
<time_end><![CDATA[20140903152337]]></time_end>
<total_fee>1</total_fee>
<trade_type><![CDATA[JSAPI]]></trade_type>
<transaction_id><![CDATA[1004400737201409030005092382]]></transaction_id>
</xml>


执行日期：2014-09-03-16：27：05
【接收到的notify通知】:
<xml><appid><![CDATA[wxf5b5e87a6a0fde94]]></appid>
<bank_type><![CDATA[CFT]]></bank_type>
<fee_type><![CDATA[CNY]]></fee_type>
<is_subscribe><![CDATA[N]]></is_subscribe>
<mch_id><![CDATA[10000097]]></mch_id>
<nonce_str><![CDATA[73ydlecbrc6d9uw1dti78ulqcuytqvrd]]></nonce_str>
<openid><![CDATA[ozoKAt-MmA74zs7MBafCix6Dg8o0]]></openid>
<out_trade_no><![CDATA[wxf5b5e87a6a0fde941409732816]]></out_trade_no>
<result_code><![CDATA[SUCCESS]]></result_code>
<return_code><![CDATA[SUCCESS]]></return_code>
<sign><![CDATA[D9C048A726AB1341E20929A5F9C09076]]></sign>
<sub_mch_id><![CDATA[10000097]]></sub_mch_id>
<time_end><![CDATA[20140903162705]]></time_end>
<total_fee>1</total_fee>
<trade_type><![CDATA[JSAPI]]></trade_type>
<transaction_id><![CDATA[1004400737201409030005092583]]></transaction_id>
</xml>


执行日期：2014-09-03-16：27：05
【支付成功】:
<xml><appid><![CDATA[wxf5b5e87a6a0fde94]]></appid>
<bank_type><![CDATA[CFT]]></bank_type>
<fee_type><![CDATA[CNY]]></fee_type>
<is_subscribe><![CDATA[N]]></is_subscribe>
<mch_id><![CDATA[10000097]]></mch_id>
<nonce_str><![CDATA[73ydlecbrc6d9uw1dti78ulqcuytqvrd]]></nonce_str>
<openid><![CDATA[ozoKAt-MmA74zs7MBafCix6Dg8o0]]></openid>
<out_trade_no><![CDATA[wxf5b5e87a6a0fde941409732816]]></out_trade_no>
<result_code><![CDATA[SUCCESS]]></result_code>
<return_code><![CDATA[SUCCESS]]></return_code>
<sign><![CDATA[D9C048A726AB1341E20929A5F9C09076]]></sign>
<sub_mch_id><![CDATA[10000097]]></sub_mch_id>
<time_end><![CDATA[20140903162705]]></time_end>
<total_fee>1</total_fee>
<trade_type><![CDATA[JSAPI]]></trade_type>
<transaction_id><![CDATA[1004400737201409030005092583]]></transaction_id>
</xml>


执行日期：2014-09-03-16：29：48
【接收到的notify通知】:
<xml><appid><![CDATA[wxf5b5e87a6a0fde94]]></appid>
<bank_type><![CDATA[CFT]]></bank_type>
<fee_type><![CDATA[CNY]]></fee_type>
<is_subscribe><![CDATA[N]]></is_subscribe>
<mch_id><![CDATA[10000097]]></mch_id>
<nonce_str><![CDATA[chb8arfq1tqfzm0c2hbo2awwu9c070pm]]></nonce_str>
<openid><![CDATA[ozoKAt-MmA74zs7MBafCix6Dg8o0]]></openid>
<out_trade_no><![CDATA[wxf5b5e87a6a0fde941409732979]]></out_trade_no>
<result_code><![CDATA[SUCCESS]]></result_code>
<return_code><![CDATA[SUCCESS]]></return_code>
<sign><![CDATA[0882C58B02C6FB1EACD7A024318237DA]]></sign>
<sub_mch_id><![CDATA[10000097]]></sub_mch_id>
<time_end><![CDATA[20140903162947]]></time_end>
<total_fee>1</total_fee>
<trade_type><![CDATA[NATIVE]]></trade_type>
<transaction_id><![CDATA[1004400737201409030005092843]]></transaction_id>
</xml>


执行日期：2014-09-03-16：29：48
【支付成功】:
<xml><appid><![CDATA[wxf5b5e87a6a0fde94]]></appid>
<bank_type><![CDATA[CFT]]></bank_type>
<fee_type><![CDATA[CNY]]></fee_type>
<is_subscribe><![CDATA[N]]></is_subscribe>
<mch_id><![CDATA[10000097]]></mch_id>
<nonce_str><![CDATA[chb8arfq1tqfzm0c2hbo2awwu9c070pm]]></nonce_str>
<openid><![CDATA[ozoKAt-MmA74zs7MBafCix6Dg8o0]]></openid>
<out_trade_no><![CDATA[wxf5b5e87a6a0fde941409732979]]></out_trade_no>
<result_code><![CDATA[SUCCESS]]></result_code>
<return_code><![CDATA[SUCCESS]]></return_code>
<sign><![CDATA[0882C58B02C6FB1EACD7A024318237DA]]></sign>
<sub_mch_id><![CDATA[10000097]]></sub_mch_id>
<time_end><![CDATA[20140903162947]]></time_end>
<total_fee>1</total_fee>
<trade_type><![CDATA[NATIVE]]></trade_type>
<transaction_id><![CDATA[1004400737201409030005092843]]></transaction_id>
</xml>


执行日期：2014-09-03-16：30：10
【接收到的notify通知】:
<xml><appid><![CDATA[wxf5b5e87a6a0fde94]]></appid>
<bank_type><![CDATA[CFT]]></bank_type>
<fee_type><![CDATA[CNY]]></fee_type>
<is_subscribe><![CDATA[N]]></is_subscribe>
<mch_id><![CDATA[10000097]]></mch_id>
<nonce_str><![CDATA[m92hzxx4qg371vdm95sv3i2zh7u9h242]]></nonce_str>
<openid><![CDATA[ozoKAt-MmA74zs7MBafCix6Dg8o0]]></openid>
<out_trade_no><![CDATA[wxf5b5e87a6a0fde941409732994]]></out_trade_no>
<result_code><![CDATA[SUCCESS]]></result_code>
<return_code><![CDATA[SUCCESS]]></return_code>
<sign><![CDATA[1B51E1AA31DB0AB64200E4F75752A610]]></sign>
<sub_mch_id><![CDATA[10000097]]></sub_mch_id>
<time_end><![CDATA[20140903163009]]></time_end>
<total_fee>1</total_fee>
<trade_type><![CDATA[NATIVE]]></trade_type>
<transaction_id><![CDATA[1004400737201409030005093214]]></transaction_id>
</xml>


执行日期：2014-09-03-16：30：10
【支付成功】:
<xml><appid><![CDATA[wxf5b5e87a6a0fde94]]></appid>
<bank_type><![CDATA[CFT]]></bank_type>
<fee_type><![CDATA[CNY]]></fee_type>
<is_subscribe><![CDATA[N]]></is_subscribe>
<mch_id><![CDATA[10000097]]></mch_id>
<nonce_str><![CDATA[m92hzxx4qg371vdm95sv3i2zh7u9h242]]></nonce_str>
<openid><![CDATA[ozoKAt-MmA74zs7MBafCix6Dg8o0]]></openid>
<out_trade_no><![CDATA[wxf5b5e87a6a0fde941409732994]]></out_trade_no>
<result_code><![CDATA[SUCCESS]]></result_code>
<return_code><![CDATA[SUCCESS]]></return_code>
<sign><![CDATA[1B51E1AA31DB0AB64200E4F75752A610]]></sign>
<sub_mch_id><![CDATA[10000097]]></sub_mch_id>
<time_end><![CDATA[20140903163009]]></time_end>
<total_fee>1</total_fee>
<trade_type><![CDATA[NATIVE]]></trade_type>
<transaction_id><![CDATA[1004400737201409030005093214]]></transaction_id>
</xml>


执行日期：2015-07-07-19：39：49
【接收到的top_xml通知】:
<xml><appid><![CDATA[wxd0efb676fbe5a8ed]]></appid>
<bank_type><![CDATA[CFT]]></bank_type>
<cash_fee><![CDATA[1]]></cash_fee>
<fee_type><![CDATA[CNY]]></fee_type>
<is_subscribe><![CDATA[Y]]></is_subscribe>
<mch_id><![CDATA[1233659002]]></mch_id>
<nonce_str><![CDATA[rotujijh8b17xhmac835fsk9dsqtq0vd]]></nonce_str>
<openid><![CDATA[oT3GMuIkt-g09f5YYFTIg7xPaHiI]]></openid>
<order_id><![CDATA[712]]></order_id>
<out_trade_no><![CDATA[20150707358]]></out_trade_no>
<result_code><![CDATA[SUCCESS]]></result_code>
<return_code><![CDATA[SUCCESS]]></return_code>
<sign><![CDATA[C4E29C306207959275C6D7992B64ED8E]]></sign>
<time_end><![CDATA[20150707193947]]></time_end>
<total_fee>1</total_fee>
<trade_type><![CDATA[JSAPI]]></trade_type>
<transaction_id><![CDATA[1002130737201507070365030920]]></transaction_id>
</xml>


执行日期：2015-07-07-19：40：08
【接收到的top_xml通知】:
<xml><appid><![CDATA[wxd0efb676fbe5a8ed]]></appid>
<bank_type><![CDATA[CFT]]></bank_type>
<cash_fee><![CDATA[1]]></cash_fee>
<fee_type><![CDATA[CNY]]></fee_type>
<is_subscribe><![CDATA[Y]]></is_subscribe>
<mch_id><![CDATA[1233659002]]></mch_id>
<nonce_str><![CDATA[nw5i07y3g9d7ujgiovvge6k0wdjhulsm]]></nonce_str>
<openid><![CDATA[oT3GMuIkt-g09f5YYFTIg7xPaHiI]]></openid>
<order_id><![CDATA[646]]></order_id>
<out_trade_no><![CDATA[20150707921]]></out_trade_no>
<result_code><![CDATA[SUCCESS]]></result_code>
<return_code><![CDATA[SUCCESS]]></return_code>
<sign><![CDATA[DED148401CF8E966B6DCDE6ED7CCF1E2]]></sign>
<time_end><![CDATA[20150707180555]]></time_end>
<total_fee>1</total_fee>
<trade_type><![CDATA[JSAPI]]></trade_type>
<transaction_id><![CDATA[1002130737201507070364425253]]></transaction_id>
</xml>


执行日期：2015-07-07-19：41：08
【接收到的top_xml通知】:
<xml><appid><![CDATA[wxd0efb676fbe5a8ed]]></appid>
<bank_type><![CDATA[CFT]]></bank_type>
<cash_fee><![CDATA[1]]></cash_fee>
<fee_type><![CDATA[CNY]]></fee_type>
<is_subscribe><![CDATA[Y]]></is_subscribe>
<mch_id><![CDATA[1233659002]]></mch_id>
<nonce_str><![CDATA[dlnfmo7lk0jpzokn41wxiiw7312lgyte]]></nonce_str>
<openid><![CDATA[oT3GMuIkt-g09f5YYFTIg7xPaHiI]]></openid>
<order_id><![CDATA[647]]></order_id>
<out_trade_no><![CDATA[20150707554]]></out_trade_no>
<result_code><![CDATA[SUCCESS]]></result_code>
<return_code><![CDATA[SUCCESS]]></return_code>
<sign><![CDATA[05C687A53F9538F83C5EA86260B0B256]]></sign>
<time_end><![CDATA[20150707180654]]></time_end>
<total_fee>1</total_fee>
<trade_type><![CDATA[JSAPI]]></trade_type>
<transaction_id><![CDATA[1002130737201507070364404197]]></transaction_id>
</xml>


执行日期：2015-07-07-19：41：17
【接收到的top_xml通知】:
<xml><appid><![CDATA[wxd0efb676fbe5a8ed]]></appid>
<bank_type><![CDATA[CFT]]></bank_type>
<cash_fee><![CDATA[1]]></cash_fee>
<fee_type><![CDATA[CNY]]></fee_type>
<is_subscribe><![CDATA[Y]]></is_subscribe>
<mch_id><![CDATA[1233659002]]></mch_id>
<nonce_str><![CDATA[4m11i9no3sr1ltiyqyo9sekpenfin3a8]]></nonce_str>
<openid><![CDATA[oT3GMuIkt-g09f5YYFTIg7xPaHiI]]></openid>
<order_id><![CDATA[713]]></order_id>
<out_trade_no><![CDATA[20150707324]]></out_trade_no>
<result_code><![CDATA[SUCCESS]]></result_code>
<return_code><![CDATA[SUCCESS]]></return_code>
<sign><![CDATA[57DEF4696B30B49CE4EA929C562D285B]]></sign>
<time_end><![CDATA[20150707194116]]></time_end>
<total_fee>1</total_fee>
<trade_type><![CDATA[JSAPI]]></trade_type>
<transaction_id><![CDATA[1002130737201507070365034742]]></transaction_id>
</xml>


执行日期：2015-07-07-19：45：59
【接收到的fuck通知】:
<xml><appid><![CDATA[wxd0efb676fbe5a8ed]]></appid>
<bank_type><![CDATA[CFT]]></bank_type>
<cash_fee><![CDATA[1]]></cash_fee>
<fee_type><![CDATA[CNY]]></fee_type>
<is_subscribe><![CDATA[Y]]></is_subscribe>
<mch_id><![CDATA[1233659002]]></mch_id>
<nonce_str><![CDATA[eqevpdzl75rg94d854csisb6il237mi3]]></nonce_str>
<openid><![CDATA[oT3GMuIkt-g09f5YYFTIg7xPaHiI]]></openid>
<order_id><![CDATA[714]]></order_id>
<out_trade_no><![CDATA[20150707187]]></out_trade_no>
<result_code><![CDATA[SUCCESS]]></result_code>
<return_code><![CDATA[SUCCESS]]></return_code>
<sign><![CDATA[6C0345356E6024A35531092FC3820B5B]]></sign>
<time_end><![CDATA[20150707194558]]></time_end>
<total_fee>1</total_fee>
<trade_type><![CDATA[JSAPI]]></trade_type>
<transaction_id><![CDATA[1002130737201507070365076038]]></transaction_id>
</xml>


执行日期：2015-07-07-19：46：15
【接收到的fuck通知】:
<xml><appid><![CDATA[wxd0efb676fbe5a8ed]]></appid>
<bank_type><![CDATA[CFT]]></bank_type>
<cash_fee><![CDATA[1]]></cash_fee>
<fee_type><![CDATA[CNY]]></fee_type>
<is_subscribe><![CDATA[Y]]></is_subscribe>
<mch_id><![CDATA[1233659002]]></mch_id>
<nonce_str><![CDATA[p8yzmsiyb4omjsyn7etqs6cculunr29f]]></nonce_str>
<openid><![CDATA[oT3GMuIkt-g09f5YYFTIg7xPaHiI]]></openid>
<order_id><![CDATA[650]]></order_id>
<out_trade_no><![CDATA[20150707645]]></out_trade_no>
<result_code><![CDATA[SUCCESS]]></result_code>
<return_code><![CDATA[SUCCESS]]></return_code>
<sign><![CDATA[1ABEB0F370DE4AF27E1B2935AF3B9FE7]]></sign>
<time_end><![CDATA[20150707181200]]></time_end>
<total_fee>1</total_fee>
<trade_type><![CDATA[JSAPI]]></trade_type>
<transaction_id><![CDATA[1002130737201507070364453294]]></transaction_id>
</xml>


执行日期：2015-07-07-19：47：43
【接收到的fuck通知】:
<xml><appid><![CDATA[wxd0efb676fbe5a8ed]]></appid>
<bank_type><![CDATA[CFT]]></bank_type>
<cash_fee><![CDATA[1]]></cash_fee>
<fee_type><![CDATA[CNY]]></fee_type>
<is_subscribe><![CDATA[Y]]></is_subscribe>
<mch_id><![CDATA[1233659002]]></mch_id>
<nonce_str><![CDATA[jdebwo3h8d9f7h1kqtonne65rnbqmq7r]]></nonce_str>
<openid><![CDATA[oT3GMuIkt-g09f5YYFTIg7xPaHiI]]></openid>
<order_id><![CDATA[654]]></order_id>
<out_trade_no><![CDATA[20150707428]]></out_trade_no>
<result_code><![CDATA[SUCCESS]]></result_code>
<return_code><![CDATA[SUCCESS]]></return_code>
<sign><![CDATA[5F5DD545B02C1734BFBE592FE776483A]]></sign>
<time_end><![CDATA[20150707181334]]></time_end>
<total_fee>1</total_fee>
<trade_type><![CDATA[JSAPI]]></trade_type>
<transaction_id><![CDATA[1002130737201507070364450378]]></transaction_id>
</xml>


[2015-07-08 19:41:29][debug] begin notify
执行日期：2015-07-08-22：00：28
123123123

执行日期：2015-07-08-22：00：28
【接收到的top_xml通知】:



执行日期：2015-07-08-22：03：16
123123123

执行日期：2015-07-08-22：03：16
【接收到的top_xml通知】:



执行日期：2015-07-08-22：47：33
123123123

执行日期：2015-07-08-22：47：33
【接收到的top_xml通知】:



执行日期：2015-07-09-00：10：08
123123123

执行日期：2015-07-09-00：10：08
【接收到的top_xml通知】:



执行日期：2015-07-09-00：11：44
123123123

执行日期：2015-07-09-00：11：44
【接收到的top_xml通知】:



执行日期：2015-07-09-00：39：27
123123123

执行日期：2015-07-09-00：39：27
【接收到的top_xml通知】:



执行日期：2015-07-09-00：44：55
123123123

执行日期：2015-07-09-00：44：55
【接收到的top_xml通知】:



执行日期：2015-07-09-00：50：45
123123123

执行日期：2015-07-09-00：50：45
【接收到的top_xml通知】:



执行日期：2015-07-09-00：56：43
123123123

执行日期：2015-07-09-00：56：43
【接收到的top_xml通知】:



执行日期：2015-07-09-01：00：21
123123123

执行日期：2015-07-09-01：00：21
【接收到的top_xml通知】:



执行日期：2015-07-09-01：03：34
123123123

执行日期：2015-07-09-01：03：34
【接收到的top_xml通知】:



执行日期：2015-07-09-01：07：37
123123123

执行日期：2015-07-09-01：07：37
【接收到的top_xml通知】:



执行日期：2015-07-09-01：09：20
123123123

执行日期：2015-07-09-01：09：20
【接收到的top_xml通知】:



执行日期：2015-07-09-01：14：08
123123123

执行日期：2015-07-09-01：14：08
【接收到的top_xml通知】:



执行日期：2015-07-09-01：17：40
123123123

执行日期：2015-07-09-01：17：40
【接收到的top_xml通知】:



执行日期：2015-07-09-08：32：51
123123123

执行日期：2015-07-09-08：32：51
【接收到的top_xml通知】:



执行日期：2015-07-09-18：09：20
123123123

执行日期：2015-07-09-18：09：20
【接收到的top_xml通知】:



执行日期：2015-07-09-19：42：54
123123123

执行日期：2015-07-09-19：42：54
【接收到的top_xml通知】:



执行日期：2015-07-09-19：44：42
123123123

执行日期：2015-07-09-19：44：42
【接收到的top_xml通知】:



执行日期：2015-07-09-19：45：17
123123123

执行日期：2015-07-09-19：45：17
【接收到的top_xml通知】:



执行日期：2015-07-09-20：44：53
123123123

执行日期：2015-07-09-20：44：53
【接收到的top_xml通知】:



执行日期：2015-07-09-20：51：36
123123123

执行日期：2015-07-09-20：51：36
【接收到的top_xml通知】:



执行日期：2015-07-09-20：53：50
123123123

执行日期：2015-07-09-20：53：50
【接收到的top_xml通知】:



执行日期：2015-07-09-20：55：44
123123123

执行日期：2015-07-09-20：55：44
【接收到的top_xml通知】:



执行日期：2015-07-09-20：59：36
123123123

执行日期：2015-07-09-20：59：36
【接收到的top_xml通知】:



执行日期：2015-07-09-21：18：41
123123123

执行日期：2015-07-09-21：18：41
【接收到的top_xml通知】:



执行日期：2015-07-09-21：32：06
123123123

执行日期：2015-07-09-21：32：06
【接收到的top_xml通知】:



执行日期：2015-07-09-21：33：36
123123123

执行日期：2015-07-09-21：33：36
【接收到的top_xml通知】:



执行日期：2015-07-09-22：06：10
123123123

执行日期：2015-07-09-22：06：10
【接收到的top_xml通知】:



执行日期：2015-07-09-22：13：43
123123123

执行日期：2015-07-09-22：13：43
【接收到的top_xml通知】:



执行日期：2015-07-09-22：17：13
123123123

执行日期：2015-07-09-22：17：13
【接收到的top_xml通知】:



执行日期：2015-07-09-23：27：46
123123123

执行日期：2015-07-09-23：27：46
【接收到的top_xml通知】:



执行日期：2015-07-10-00：57：19
123123123

执行日期：2015-07-10-00：57：19
【接收到的top_xml通知】:



执行日期：2015-07-10-07：27：30
123123123

执行日期：2015-07-10-07：27：30
【接收到的top_xml通知】:



执行日期：2015-07-10-20：01：32
123123123

执行日期：2015-07-10-20：01：32
【接收到的top_xml通知】:



执行日期：2015-07-10-20：02：13
123123123

执行日期：2015-07-10-20：02：13
【接收到的top_xml通知】:



执行日期：2015-07-10-20：13：27
123123123

执行日期：2015-07-10-20：13：27
【接收到的top_xml通知】:



执行日期：2015-07-10-20：24：17
123123123

执行日期：2015-07-10-20：24：17
【接收到的top_xml通知】:



执行日期：2015-07-10-20：26：22
123123123

执行日期：2015-07-10-20：26：22
【接收到的top_xml通知】:



执行日期：2015-07-10-20：31：17
123123123

执行日期：2015-07-10-20：31：17
【接收到的top_xml通知】:



执行日期：2015-07-10-20：31：47
123123123

执行日期：2015-07-10-20：31：47
【接收到的top_xml通知】:



执行日期：2015-07-10-20：43：29
123123123

执行日期：2015-07-10-20：43：29
【接收到的top_xml通知】:



执行日期：2015-07-10-20：55：01
123123123

执行日期：2015-07-10-20：55：01
【接收到的top_xml通知】:



执行日期：2015-07-10-21：11：06
123123123

执行日期：2015-07-10-21：11：06
【接收到的top_xml通知】:



执行日期：2015-07-14-17：27：38
123123123

执行日期：2015-07-14-17：27：38
【接收到的top_xml通知】:



执行日期：2015-07-14-17：45：34
123123123

执行日期：2015-07-14-17：45：34
【接收到的top_xml通知】:



执行日期：2015-07-14-17：48：22
123123123

执行日期：2015-07-14-17：48：22
【接收到的top_xml通知】:



执行日期：2015-07-14-17：52：08
123123123

执行日期：2015-07-14-17：52：08
【接收到的top_xml通知】:



执行日期：2015-07-14-17：53：51
123123123

执行日期：2015-07-14-17：53：51
【接收到的top_xml通知】:



执行日期：2015-07-14-18：01：59
123123123

执行日期：2015-07-14-18：01：59
【接收到的top_xml通知】:



执行日期：2015-07-14-18：04：51
123123123

执行日期：2015-07-14-18：04：51
【接收到的top_xml通知】:



执行日期：2015-07-14-18：06：59
123123123

执行日期：2015-07-14-18：06：59
【接收到的top_xml通知】:



执行日期：2015-07-14-18：07：13
123123123

执行日期：2015-07-14-18：07：13
【接收到的top_xml通知】:



执行日期：2015-07-14-18：10：17
123123123

执行日期：2015-07-14-18：10：17
【接收到的top_xml通知】:



执行日期：2015-07-14-18：10：18
123123123

执行日期：2015-07-14-18：10：18
【接收到的top_xml通知】:



执行日期：2015-07-14-18：11：42
123123123

执行日期：2015-07-14-18：11：42
【接收到的top_xml通知】:



执行日期：2015-07-14-18：12：34
123123123

执行日期：2015-07-14-18：12：34
【接收到的top_xml通知】:



执行日期：2015-07-14-18：16：23
123123123

执行日期：2015-07-14-18：16：23
【接收到的top_xml通知】:



执行日期：2015-07-14-18：21：35
123123123

执行日期：2015-07-14-18：21：35
【接收到的top_xml通知】:



执行日期：2015-07-14-18：25：16
123123123

执行日期：2015-07-14-18：25：16
【接收到的top_xml通知】:



执行日期：2015-07-14-18：28：07
123123123

执行日期：2015-07-14-18：28：07
【接收到的top_xml通知】:



执行日期：2015-07-14-18：30：18
123123123

执行日期：2015-07-14-18：30：18
【接收到的top_xml通知】:



执行日期：2015-07-14-18：30：34
123123123

执行日期：2015-07-14-18：30：34
【接收到的top_xml通知】:



执行日期：2015-07-14-18：34：10
123123123

执行日期：2015-07-14-18：34：11
【接收到的top_xml通知】:



执行日期：2015-07-14-18：35：10
123123123

执行日期：2015-07-14-18：35：10
【接收到的top_xml通知】:



执行日期：2015-07-14-18：35：54
123123123

执行日期：2015-07-14-18：35：54
【接收到的top_xml通知】:



执行日期：2015-07-14-18：36：20
123123123

执行日期：2015-07-14-18：36：20
【接收到的top_xml通知】:



执行日期：2015-07-14-18：36：29
123123123

执行日期：2015-07-14-18：36：29
【接收到的top_xml通知】:



执行日期：2015-07-14-18：40：22
123123123

执行日期：2015-07-14-18：40：22
【接收到的top_xml通知】:



执行日期：2015-07-14-18：49：33
123123123

执行日期：2015-07-14-18：49：33
【接收到的top_xml通知】:



执行日期：2015-07-14-22：29：19
123123123

执行日期：2015-07-14-22：29：19
【接收到的top_xml通知】:



执行日期：2015-07-15-12：30：28
123123123

执行日期：2015-07-15-12：30：28
【接收到的top_xml通知】:



执行日期：2015-07-15-15：16：33
123123123

执行日期：2015-07-15-15：16：33
【接收到的top_xml通知】:



执行日期：2015-08-28-17：50：03
123123123

执行日期：2015-08-28-17：50：03
【接收到的top_xml通知】:



执行日期：2015-08-31-15：01：56
123123123

执行日期：2015-08-31-15：01：56
【接收到的top_xml通知】:



执行日期：2015-08-31-15：02：36
123123123

执行日期：2015-08-31-15：02：36
【接收到的top_xml通知】:



执行日期：2015-08-31-15：03：14
123123123

执行日期：2015-08-31-15：03：14
【接收到的top_xml通知】:



执行日期：2015-08-31-15：04：45
123123123

执行日期：2015-08-31-15：04：45
【接收到的top_xml通知】:



执行日期：2015-08-31-15：31：11
123123123

执行日期：2015-08-31-15：31：11
【接收到的top_xml通知】:



执行日期：2015-08-31-15：32：04
123123123

执行日期：2015-08-31-15：32：04
【接收到的top_xml通知】:



执行日期：2015-08-31-15：32：41
123123123

执行日期：2015-08-31-15：32：41
【接收到的top_xml通知】:



执行日期：2015-08-31-16：23：40
123123123

执行日期：2015-08-31-16：23：40
【接收到的top_xml通知】:



执行日期：2015-09-04-12：19：14
123123123

执行日期：2015-09-04-12：19：14
【接收到的top_xml通知】:



执行日期：2015-09-04-12：21：04
123123123

执行日期：2015-09-04-12：21：04
【接收到的top_xml通知】:



执行日期：2015-09-18-22：05：55
123123123

执行日期：2015-09-18-22：05：55
【接收到的top_xml通知】:



执行日期：2015-09-22-18：57：32
123123123

执行日期：2015-09-22-18：57：32
【接收到的top_xml通知】:



执行日期：2015-09-26-06：20：29
123123123

执行日期：2015-09-26-06：20：29
【接收到的top_xml通知】:



执行日期：2015-09-30-10：05：07
123123123

执行日期：2015-09-30-10：05：07
【接收到的top_xml通知】:



执行日期：2015-10-07-09：52：49
123123123

执行日期：2015-10-07-09：52：49
【接收到的top_xml通知】:



执行日期：2015-10-08-02：24：44
123123123

执行日期：2015-10-08-02：24：44
【接收到的top_xml通知】:



执行日期：2015-10-09-02：24：45
123123123

执行日期：2015-10-09-02：24：45
【接收到的top_xml通知】:



执行日期：2015-10-10-19：24：09
123123123

执行日期：2015-10-10-19：24：09
【接收到的top_xml通知】:



执行日期：2015-10-10-19：24：40
123123123

执行日期：2015-10-10-19：24：40
【接收到的top_xml通知】:



执行日期：2015-10-10-19：49：13
123123123

执行日期：2015-10-10-19：49：13
【接收到的top_xml通知】:



执行日期：2015-10-11-14：50：12
123123123

执行日期：2015-10-11-14：50：12
【接收到的top_xml通知】:



执行日期：2015-10-11-19：19：27
123123123

执行日期：2015-10-11-19：19：27
【接收到的top_xml通知】:



执行日期：2015-10-12-10：40：38
123123123

执行日期：2015-10-12-10：40：38
【接收到的top_xml通知】:



执行日期：2015-10-12-13：42：07
123123123

执行日期：2015-10-12-13：42：07
【接收到的top_xml通知】:



执行日期：2015-10-12-15：36：11
123123123

执行日期：2015-10-12-15：36：11
【接收到的top_xml通知】:



执行日期：2015-10-12-20：00：45
123123123

执行日期：2015-10-12-20：00：45
【接收到的top_xml通知】:



执行日期：2015-10-12-22：36：47
123123123

执行日期：2015-10-12-22：36：47
【接收到的top_xml通知】:



执行日期：2015-10-12-23：27：45
123123123

执行日期：2015-10-12-23：27：45
【接收到的top_xml通知】:



执行日期：2015-10-13-11：52：45
123123123

执行日期：2015-10-13-11：52：45
【接收到的top_xml通知】:



执行日期：2015-10-14-10：07：45
123123123

执行日期：2015-10-14-10：07：45
【接收到的top_xml通知】:



执行日期：2015-10-14-15：49：13
123123123

执行日期：2015-10-14-15：49：13
【接收到的top_xml通知】:



执行日期：2015-10-14-17：48：17
123123123

执行日期：2015-10-14-17：48：17
【接收到的top_xml通知】:



执行日期：2015-10-14-18：05：40
123123123

执行日期：2015-10-14-18：05：40
【接收到的top_xml通知】:



执行日期：2015-10-14-18：13：50
123123123

执行日期：2015-10-14-18：13：50
【接收到的top_xml通知】:



执行日期：2015-10-14-18：25：33
123123123

执行日期：2015-10-14-18：25：33
【接收到的top_xml通知】:



执行日期：2015-10-14-18：25：33
update xlc_deal set `support_count` = 1,`support_amount` = 181,`pay_amount` = 181,`delivery_fee_amount` = 0 where `id` = 47

执行日期：2015-10-14-18：32：10
123123123

执行日期：2015-10-14-18：32：10
【接收到的top_xml通知】:



执行日期：2015-10-14-18：32：10
update xlc_deal set `support_count` = 1,`support_amount` = 181,`pay_amount` = 181,`delivery_fee_amount` = 0 where `id` = 47

执行日期：2015-10-14-18：36：01
123123123

执行日期：2015-10-14-18：36：01
【接收到的top_xml通知】:



执行日期：2015-10-14-18：36：01
update xlc_deal set `support_count` = 2,`support_amount` = 0,`pay_amount` = 0,`delivery_fee_amount` = 0 where `id` = 47

执行日期：2015-10-14-18：47：59
123123123

执行日期：2015-10-14-18：47：59
【接收到的top_xml通知】:



执行日期：2015-10-14-18：47：59
OK

执行日期：2015-10-14-23：20：04
123123123

执行日期：2015-10-14-23：20：04
【接收到的top_xml通知】:



执行日期：2015-10-14-23：20：04
OK

执行日期：2015-10-15-11：25：05
123123123

执行日期：2015-10-15-11：25：05
【接收到的top_xml通知】:



执行日期：2015-10-15-11：34：28
123123123

执行日期：2015-10-15-11：34：28
【接收到的top_xml通知】:



执行日期：2015-10-16-20：31：24
123123123

执行日期：2015-10-16-20：31：24
【接收到的top_xml通知】:



执行日期：2015-10-16-20：31：24
OK

执行日期：2015-10-16-20：32：52
123123123

执行日期：2015-10-16-20：32：52
【接收到的top_xml通知】:



执行日期：2015-10-16-20：32：52
OK

执行日期：2015-10-16-20：52：01
123123123

执行日期：2015-10-16-20：52：01
【接收到的top_xml通知】:



执行日期：2015-10-16-20：52：01
OK

执行日期：2015-10-17-18：33：23
123123123

执行日期：2015-10-17-18：33：23
【接收到的top_xml通知】:



执行日期：2015-10-17-18：33：23
OK

执行日期：2015-10-17-20：01：41
123123123

执行日期：2015-10-17-20：01：41
【接收到的top_xml通知】:



执行日期：2015-10-17-20：01：41
OK

执行日期：2015-10-19-11：19：43
123123123

执行日期：2015-10-19-11：19：43
【接收到的top_xml通知】:



执行日期：2015-10-19-11：19：43
OK

执行日期：2015-10-20-00：55：18
123123123

执行日期：2015-10-20-00：55：18
【接收到的top_xml通知】:



执行日期：2015-10-20-00：55：18
OK

执行日期：2015-10-21-11：38：48
123123123

执行日期：2015-10-21-11：38：48
【接收到的top_xml通知】:



执行日期：2015-10-21-11：38：48
OK

执行日期：2015-10-21-11：57：24
123123123

执行日期：2015-10-21-11：57：24
【接收到的top_xml通知】:



执行日期：2015-10-21-11：57：24
OK

执行日期：2015-10-21-12：24：06
123123123

执行日期：2015-10-21-12：24：06
【接收到的top_xml通知】:



执行日期：2015-10-21-12：33：00
123123123

执行日期：2015-10-21-12：33：00
【接收到的top_xml通知】:



执行日期：2015-10-21-12：33：00
0.00+350.00+0.00+350.00+0.00+0.00

执行日期：2015-10-21-15：01：20
123123123

执行日期：2015-10-21-15：01：20
【接收到的top_xml通知】:



执行日期：2015-10-21-15：01：20
0.00+350.00+0.00+350.00+0.00+0.00

执行日期：2015-10-21-15：11：28
123123123

执行日期：2015-10-21-15：11：28
【接收到的top_xml通知】:



执行日期：2015-10-21-15：11：28
update xlc_deal set support_count=support_count+1,support_amount=support_amount+350,pay_amount=pay_amount+350,delivery_fee_amount=delivery_fee_amount+0 where `id` = 50

执行日期：2015-10-21-15：27：15
123123123

执行日期：2015-10-21-15：27：15
【接收到的top_xml通知】:



执行日期：2015-10-21-15：27：15
350.00__350.00__0.00

执行日期：2015-10-21-15：35：33
123123123

执行日期：2015-10-21-15：35：33
【接收到的top_xml通知】:



执行日期：2015-10-21-15：36：13
123123123

执行日期：2015-10-21-15：36：13
【接收到的top_xml通知】:



执行日期：2015-10-21-18：19：23
123123123

执行日期：2015-10-21-18：19：23
【接收到的top_xml通知】:



执行日期：2015-10-21-18：38：30
123123123

执行日期：2015-10-21-18：38：30
【接收到的top_xml通知】:



执行日期：2015-10-21-22：03：53
123123123

执行日期：2015-10-21-22：03：53
【接收到的top_xml通知】:



执行日期：2015-10-21-22：23：08
123123123

执行日期：2015-10-21-22：23：08
【接收到的top_xml通知】:



执行日期：2015-10-22-15：12：21
123123123

执行日期：2015-10-22-15：12：21
【接收到的top_xml通知】:



执行日期：2015-10-22-15：15：06
123123123

执行日期：2015-10-22-15：15：06
【接收到的top_xml通知】:



执行日期：2015-10-22-15：50：30
123123123

执行日期：2015-10-22-15：50：30
【接收到的top_xml通知】:



执行日期：2015-10-22-20：57：33
123123123

执行日期：2015-10-22-20：57：33
【接收到的top_xml通知】:



执行日期：2015-10-22-20：58：11
123123123

执行日期：2015-10-22-20：58：11
【接收到的top_xml通知】:



执行日期：2015-10-23-12：59：28
123123123

执行日期：2015-10-23-12：59：28
【接收到的top_xml通知】:



执行日期：2015-10-23-13：07：46
123123123

执行日期：2015-10-23-13：07：46
【接收到的top_xml通知】:



执行日期：2015-10-24-10：09：16
123123123

执行日期：2015-10-24-10：09：16
【接收到的top_xml通知】:



执行日期：2015-10-24-10：54：50
123123123

执行日期：2015-10-24-10：54：50
【接收到的top_xml通知】:



执行日期：2015-10-24-10：55：34
123123123

执行日期：2015-10-24-10：55：34
【接收到的top_xml通知】:



执行日期：2015-10-24-10：56：05
123123123

执行日期：2015-10-24-10：56：05
【接收到的top_xml通知】:



执行日期：2015-10-24-11：30：22
123123123

执行日期：2015-10-24-11：30：22
【接收到的top_xml通知】:



执行日期：2015-10-24-11：31：07
123123123

执行日期：2015-10-24-11：31：07
【接收到的top_xml通知】:



执行日期：2015-10-24-11：47：30
123123123

执行日期：2015-10-24-11：47：30
【接收到的top_xml通知】:



执行日期：2015-10-24-12：21：28
123123123

执行日期：2015-10-24-12：21：28
【接收到的top_xml通知】:



执行日期：2015-10-24-13：18：23
123123123

执行日期：2015-10-24-13：18：23
【接收到的top_xml通知】:



执行日期：2015-10-24-22：03：12
123123123

执行日期：2015-10-24-22：03：12
【接收到的top_xml通知】:



执行日期：2015-10-26-11：34：22
123123123

执行日期：2015-10-26-11：34：22
【接收到的top_xml通知】:



执行日期：2015-10-26-11：48：25
123123123

执行日期：2015-10-26-11：48：25
【接收到的top_xml通知】:



执行日期：2015-10-26-21：03：54
123123123

执行日期：2015-10-26-21：03：54
【接收到的top_xml通知】:



执行日期：2015-10-26-21：45：51
123123123

执行日期：2015-10-26-21：45：51
【接收到的top_xml通知】:



执行日期：2015-10-27-16：55：25
123123123

执行日期：2015-10-27-16：55：25
【接收到的top_xml通知】:



执行日期：2015-10-27-16：59：04
123123123

执行日期：2015-10-27-16：59：04
【接收到的top_xml通知】:



执行日期：2015-10-27-16：59：56
123123123

执行日期：2015-10-27-16：59：56
【接收到的top_xml通知】:



执行日期：2015-10-27-17：16：01
123123123

执行日期：2015-10-27-17：16：01
【接收到的top_xml通知】:



执行日期：2015-10-27-17：18：49
123123123

执行日期：2015-10-27-17：18：49
【接收到的top_xml通知】:



执行日期：2015-10-27-17：21：25
123123123

执行日期：2015-10-27-17：21：25
【接收到的top_xml通知】:



执行日期：2015-10-27-17：21：32
123123123

执行日期：2015-10-27-17：21：32
【接收到的top_xml通知】:



执行日期：2015-10-27-17：21：53
123123123

执行日期：2015-10-27-17：21：53
【接收到的top_xml通知】:



执行日期：2015-10-27-17：22：30
123123123

执行日期：2015-10-27-17：22：30
【接收到的top_xml通知】:



执行日期：2015-10-27-18：20：08
123123123

执行日期：2015-10-27-18：20：08
【接收到的top_xml通知】:



执行日期：2015-10-27-18：20：12
123123123

执行日期：2015-10-27-18：20：12
【接收到的top_xml通知】:



执行日期：2015-10-27-18：21：03
123123123

执行日期：2015-10-27-18：21：03
【接收到的top_xml通知】:



执行日期：2015-10-27-18：21：09
123123123

执行日期：2015-10-27-18：21：09
【接收到的top_xml通知】:



执行日期：2015-10-27-18：21：19
123123123

执行日期：2015-10-27-18：21：19
【接收到的top_xml通知】:



执行日期：2015-10-27-18：22：27
123123123

执行日期：2015-10-27-18：22：27
【接收到的top_xml通知】:



执行日期：2015-10-27-18：22：55
123123123

执行日期：2015-10-27-18：22：55
【接收到的top_xml通知】:



执行日期：2015-10-27-18：25：25
123123123

执行日期：2015-10-27-18：25：25
【接收到的top_xml通知】:



执行日期：2015-10-27-18：37：00
123123123

执行日期：2015-10-27-18：37：00
【接收到的top_xml通知】:



执行日期：2015-10-28-11：23：40
123123123

执行日期：2015-10-28-11：23：40
【接收到的top_xml通知】:



执行日期：2015-10-28-20：38：17
123123123

执行日期：2015-10-28-20：38：17
【接收到的top_xml通知】:



执行日期：2015-10-28-20：50：47
123123123

执行日期：2015-10-28-20：50：47
【接收到的top_xml通知】:



执行日期：2015-10-29-18：06：10
123123123

执行日期：2015-10-29-18：06：10
【接收到的top_xml通知】:



执行日期：2015-10-29-18：09：33
123123123

执行日期：2015-10-29-18：09：33
【接收到的top_xml通知】:



执行日期：2015-10-29-18：25：38
123123123

执行日期：2015-10-29-18：25：38
【接收到的top_xml通知】:



执行日期：2015-10-29-18：31：12
123123123

执行日期：2015-10-29-18：31：12
【接收到的top_xml通知】:



执行日期：2015-10-29-18：34：43
123123123

执行日期：2015-10-29-18：34：43
【接收到的top_xml通知】:



执行日期：2015-10-29-19：00：35
123123123

执行日期：2015-10-29-19：00：35
【接收到的top_xml通知】:



执行日期：2015-10-29-19：11：04
123123123

执行日期：2015-10-29-19：11：04
【接收到的top_xml通知】:



执行日期：2015-11-01-08：52：02
123123123

执行日期：2015-11-01-08：52：02
【接收到的top_xml通知】:



执行日期：2015-11-01-08：52：15
123123123

执行日期：2015-11-01-08：52：15
【接收到的top_xml通知】:



执行日期：2015-11-02-12：01：03
123123123

执行日期：2015-11-02-12：01：03
【接收到的top_xml通知】:



执行日期：2015-11-02-12：01：22
123123123

执行日期：2015-11-02-12：01：22
【接收到的top_xml通知】:



执行日期：2015-11-02-12：03：36
123123123

执行日期：2015-11-02-12：03：36
【接收到的top_xml通知】:



执行日期：2015-11-02-12：10：39
123123123

执行日期：2015-11-02-12：10：39
【接收到的top_xml通知】:



执行日期：2015-11-02-12：15：58
123123123

执行日期：2015-11-02-12：15：58
【接收到的top_xml通知】:



执行日期：2015-11-02-12：16：37
123123123

执行日期：2015-11-02-12：16：37
【接收到的top_xml通知】:



执行日期：2015-11-02-12：17：56
123123123

执行日期：2015-11-02-12：17：56
【接收到的top_xml通知】:



执行日期：2015-11-02-12：21：16
123123123

执行日期：2015-11-02-12：21：16
【接收到的top_xml通知】:



执行日期：2015-11-02-12：21：56
123123123

执行日期：2015-11-02-12：21：56
【接收到的top_xml通知】:



执行日期：2015-11-02-12：23：16
123123123

执行日期：2015-11-02-12：23：16
【接收到的top_xml通知】:



执行日期：2015-11-02-12：23：37
123123123

执行日期：2015-11-02-12：23：37
【接收到的top_xml通知】:



执行日期：2015-11-02-12：24：28
123123123

执行日期：2015-11-02-12：24：28
【接收到的top_xml通知】:



执行日期：2015-11-02-12：40：50
123123123

执行日期：2015-11-02-12：40：50
【接收到的top_xml通知】:



执行日期：2015-11-02-12：49：02
123123123

执行日期：2015-11-02-12：49：02
【接收到的top_xml通知】:



执行日期：2015-11-02-12：51：04
123123123

执行日期：2015-11-02-12：51：04
【接收到的top_xml通知】:



执行日期：2015-11-02-12：53：34
123123123

执行日期：2015-11-02-12：53：34
【接收到的top_xml通知】:



执行日期：2015-11-02-13：09：34
123123123

执行日期：2015-11-02-13：09：34
【接收到的top_xml通知】:



执行日期：2015-11-02-13：10：54
123123123

执行日期：2015-11-02-13：10：54
【接收到的top_xml通知】:



执行日期：2015-11-02-13：11：09
123123123

执行日期：2015-11-02-13：11：09
【接收到的top_xml通知】:



执行日期：2015-11-02-13：11：44
123123123

执行日期：2015-11-02-13：11：44
【接收到的top_xml通知】:



执行日期：2015-11-02-13：50：29
123123123

执行日期：2015-11-02-13：50：29
【接收到的top_xml通知】:



执行日期：2015-11-02-13：57：26
123123123

执行日期：2015-11-02-13：57：26
【接收到的top_xml通知】:



执行日期：2015-11-02-14：15：02
123123123

执行日期：2015-11-02-14：15：02
【接收到的top_xml通知】:



执行日期：2015-11-02-14：27：07
123123123

执行日期：2015-11-02-14：27：07
【接收到的top_xml通知】:



执行日期：2015-11-02-15：01：47
123123123

执行日期：2015-11-02-15：01：47
【接收到的top_xml通知】:



执行日期：2015-11-02-15：32：37
123123123

执行日期：2015-11-02-15：32：37
【接收到的top_xml通知】:



执行日期：2015-11-02-15：38：36
123123123

执行日期：2015-11-02-15：38：36
【接收到的top_xml通知】:



执行日期：2015-11-02-16：51：38
123123123

执行日期：2015-11-02-16：51：38
【接收到的top_xml通知】:



执行日期：2015-11-02-17：13：25
123123123

执行日期：2015-11-02-17：13：25
【接收到的top_xml通知】:



执行日期：2015-11-02-17：37：04
123123123

执行日期：2015-11-02-17：37：04
【接收到的top_xml通知】:



执行日期：2015-11-02-17：38：22
123123123

执行日期：2015-11-02-17：38：22
【接收到的top_xml通知】:



执行日期：2015-11-02-18：39：52
123123123

执行日期：2015-11-02-18：39：52
【接收到的top_xml通知】:



执行日期：2015-11-02-19：07：30
123123123

执行日期：2015-11-02-19：07：30
【接收到的top_xml通知】:



执行日期：2015-11-02-19：14：44
123123123

执行日期：2015-11-02-19：14：44
【接收到的top_xml通知】:



执行日期：2015-11-02-19：18：00
123123123

执行日期：2015-11-02-19：18：00
【接收到的top_xml通知】:



执行日期：2015-11-02-19：20：46
123123123

执行日期：2015-11-02-19：20：46
【接收到的top_xml通知】:



执行日期：2015-11-02-19：22：22
123123123

执行日期：2015-11-02-19：22：22
【接收到的top_xml通知】:



执行日期：2015-11-02-19：22：28
123123123

执行日期：2015-11-02-19：22：28
【接收到的top_xml通知】:



执行日期：2015-11-02-19：23：06
123123123

执行日期：2015-11-02-19：23：06
【接收到的top_xml通知】:



执行日期：2015-11-02-19：23：23
123123123

执行日期：2015-11-02-19：23：23
【接收到的top_xml通知】:



执行日期：2015-11-02-19：25：14
123123123

执行日期：2015-11-02-19：25：14
【接收到的top_xml通知】:



执行日期：2015-11-02-19：29：37
123123123

执行日期：2015-11-02-19：29：37
【接收到的top_xml通知】:



执行日期：2015-11-02-19：31：28
123123123

执行日期：2015-11-02-19：31：28
【接收到的top_xml通知】:



执行日期：2015-11-02-19：33：30
123123123

执行日期：2015-11-02-19：33：30
【接收到的top_xml通知】:



执行日期：2015-11-02-19：34：04
123123123

执行日期：2015-11-02-19：34：04
【接收到的top_xml通知】:



执行日期：2015-11-02-19：35：44
123123123

执行日期：2015-11-02-19：35：44
【接收到的top_xml通知】:



执行日期：2015-11-02-19：37：16
123123123

执行日期：2015-11-02-19：37：16
【接收到的top_xml通知】:



执行日期：2015-11-02-19：39：52
123123123

执行日期：2015-11-02-19：39：52
【接收到的top_xml通知】:



执行日期：2015-11-02-19：43：32
123123123

执行日期：2015-11-02-19：43：32
【接收到的top_xml通知】:



执行日期：2015-11-02-19：48：20
123123123

执行日期：2015-11-02-19：48：20
【接收到的top_xml通知】:



执行日期：2015-11-02-19：51：19
123123123

执行日期：2015-11-02-19：51：19
【接收到的top_xml通知】:



执行日期：2015-11-02-19：51：22
123123123

执行日期：2015-11-02-19：51：22
【接收到的top_xml通知】:



执行日期：2015-11-02-19：56：43
123123123

执行日期：2015-11-02-19：56：43
【接收到的top_xml通知】:



执行日期：2015-11-02-19：58：00
123123123

执行日期：2015-11-02-19：58：00
【接收到的top_xml通知】:



执行日期：2015-11-02-19：59：06
123123123

执行日期：2015-11-02-19：59：06
【接收到的top_xml通知】:



执行日期：2015-11-02-20：01：06
123123123

执行日期：2015-11-02-20：01：06
【接收到的top_xml通知】:



执行日期：2015-11-02-20：06：50
123123123

执行日期：2015-11-02-20：06：50
【接收到的top_xml通知】:



执行日期：2015-11-02-20：07：39
123123123

执行日期：2015-11-02-20：07：39
【接收到的top_xml通知】:



执行日期：2015-11-02-20：11：28
123123123

执行日期：2015-11-02-20：11：28
【接收到的top_xml通知】:



执行日期：2015-11-02-20：12：40
123123123

执行日期：2015-11-02-20：12：40
【接收到的top_xml通知】:



执行日期：2015-11-02-20：17：30
123123123

执行日期：2015-11-02-20：17：30
【接收到的top_xml通知】:



执行日期：2015-11-02-20：18：38
123123123

执行日期：2015-11-02-20：18：38
【接收到的top_xml通知】:



执行日期：2015-11-02-20：22：16
123123123

执行日期：2015-11-02-20：22：16
【接收到的top_xml通知】:



执行日期：2015-11-02-20：22：52
123123123

执行日期：2015-11-02-20：22：52
【接收到的top_xml通知】:



执行日期：2015-11-02-20：29：45
123123123

执行日期：2015-11-02-20：29：45
【接收到的top_xml通知】:



执行日期：2015-11-02-20：38：00
123123123

执行日期：2015-11-02-20：38：00
【接收到的top_xml通知】:



执行日期：2015-11-02-20：43：25
123123123

执行日期：2015-11-02-20：43：25
【接收到的top_xml通知】:



执行日期：2015-11-02-20：44：27
123123123

执行日期：2015-11-02-20：44：27
【接收到的top_xml通知】:



执行日期：2015-11-02-21：01：55
123123123

执行日期：2015-11-02-21：01：55
【接收到的top_xml通知】:



执行日期：2015-11-02-21：11：41
123123123

执行日期：2015-11-02-21：11：41
【接收到的top_xml通知】:



执行日期：2015-11-02-21：12：35
123123123

执行日期：2015-11-02-21：12：35
【接收到的top_xml通知】:



执行日期：2015-11-02-21：30：24
123123123

执行日期：2015-11-02-21：30：24
【接收到的top_xml通知】:



执行日期：2015-11-02-21：33：51
123123123

执行日期：2015-11-02-21：33：51
【接收到的top_xml通知】:



执行日期：2015-11-02-21：38：46
123123123

执行日期：2015-11-02-21：38：46
【接收到的top_xml通知】:



执行日期：2015-11-02-21：47：56
123123123

执行日期：2015-11-02-21：47：56
【接收到的top_xml通知】:



执行日期：2015-11-02-21：51：31
123123123

执行日期：2015-11-02-21：51：31
【接收到的top_xml通知】:



执行日期：2015-11-02-22：11：07
123123123

执行日期：2015-11-02-22：11：07
【接收到的top_xml通知】:



执行日期：2015-11-02-22：13：19
123123123

执行日期：2015-11-02-22：13：19
【接收到的top_xml通知】:



执行日期：2015-11-02-22：31：07
123123123

执行日期：2015-11-02-22：31：07
【接收到的top_xml通知】:



执行日期：2015-11-02-22：58：25
123123123

执行日期：2015-11-02-22：58：25
【接收到的top_xml通知】:



执行日期：2015-11-02-22：58：30
123123123

执行日期：2015-11-02-22：58：30
【接收到的top_xml通知】:



执行日期：2015-11-02-23：09：18
123123123

执行日期：2015-11-02-23：09：18
【接收到的top_xml通知】:



执行日期：2015-11-02-23：25：06
123123123

执行日期：2015-11-02-23：25：06
【接收到的top_xml通知】:



执行日期：2015-11-02-23：32：52
123123123

执行日期：2015-11-02-23：32：52
【接收到的top_xml通知】:



执行日期：2015-11-03-00：13：51
123123123

执行日期：2015-11-03-00：13：51
【接收到的top_xml通知】:



执行日期：2015-11-03-05：37：38
123123123

执行日期：2015-11-03-05：37：38
【接收到的top_xml通知】:



执行日期：2015-11-03-07：25：11
123123123

执行日期：2015-11-03-07：25：11
【接收到的top_xml通知】:



执行日期：2015-11-03-07：28：49
123123123

执行日期：2015-11-03-07：28：49
【接收到的top_xml通知】:



执行日期：2015-11-03-07：34：17
123123123

执行日期：2015-11-03-07：34：17
【接收到的top_xml通知】:



执行日期：2015-11-03-07：38：27
123123123

执行日期：2015-11-03-07：38：27
【接收到的top_xml通知】:



执行日期：2015-11-03-08：03：19
123123123

执行日期：2015-11-03-08：03：19
【接收到的top_xml通知】:



执行日期：2015-11-03-08：25：55
123123123

执行日期：2015-11-03-08：25：55
【接收到的top_xml通知】:



执行日期：2015-11-03-09：24：36
123123123

执行日期：2015-11-03-09：24：36
【接收到的top_xml通知】:



执行日期：2015-11-03-10：13：02
123123123

执行日期：2015-11-03-10：13：02
【接收到的top_xml通知】:



执行日期：2015-11-03-10：21：11
123123123

执行日期：2015-11-03-10：21：11
【接收到的top_xml通知】:



执行日期：2015-11-03-11：17：27
123123123

执行日期：2015-11-03-11：17：27
【接收到的top_xml通知】:



执行日期：2015-11-03-11：21：09
123123123

执行日期：2015-11-03-11：21：09
【接收到的top_xml通知】:



执行日期：2015-11-03-11：30：45
123123123

执行日期：2015-11-03-11：30：45
【接收到的top_xml通知】:



执行日期：2015-11-03-12：15：14
123123123

执行日期：2015-11-03-12：15：14
【接收到的top_xml通知】:



执行日期：2015-11-03-12：18：40
123123123

执行日期：2015-11-03-12：18：40
【接收到的top_xml通知】:



执行日期：2015-11-03-12：23：18
123123123

执行日期：2015-11-03-12：23：18
【接收到的top_xml通知】:



执行日期：2015-11-03-12：29：31
123123123

执行日期：2015-11-03-12：29：31
【接收到的top_xml通知】:



执行日期：2015-11-03-12：48：54
123123123

执行日期：2015-11-03-12：48：54
【接收到的top_xml通知】:



执行日期：2015-11-03-13：42：06
123123123

执行日期：2015-11-03-13：42：06
【接收到的top_xml通知】:



执行日期：2015-11-03-14：33：19
123123123

执行日期：2015-11-03-14：33：19
【接收到的top_xml通知】:



执行日期：2015-11-03-15：00：48
123123123

执行日期：2015-11-03-15：00：48
【接收到的top_xml通知】:



执行日期：2015-11-03-15：03：20
123123123

执行日期：2015-11-03-15：03：20
【接收到的top_xml通知】:



执行日期：2015-11-03-15：03：39
123123123

执行日期：2015-11-03-15：03：39
【接收到的top_xml通知】:



执行日期：2015-11-03-15：06：33
123123123

执行日期：2015-11-03-15：06：33
【接收到的top_xml通知】:



执行日期：2015-11-03-15：06：57
123123123

执行日期：2015-11-03-15：06：57
【接收到的top_xml通知】:



执行日期：2015-11-03-15：07：33
123123123

执行日期：2015-11-03-15：07：33
【接收到的top_xml通知】:



执行日期：2015-11-03-15：08：37
123123123

执行日期：2015-11-03-15：08：37
【接收到的top_xml通知】:



执行日期：2015-11-03-15：16：49
123123123

执行日期：2015-11-03-15：16：49
【接收到的top_xml通知】:



执行日期：2015-11-03-15：20：13
123123123

执行日期：2015-11-03-15：20：13
【接收到的top_xml通知】:



执行日期：2015-11-03-15：23：30
123123123

执行日期：2015-11-03-15：23：30
【接收到的top_xml通知】:



执行日期：2015-11-03-15：27：07
123123123

执行日期：2015-11-03-15：27：07
【接收到的top_xml通知】:



执行日期：2015-11-03-15：34：31
123123123

执行日期：2015-11-03-15：34：31
【接收到的top_xml通知】:



执行日期：2015-11-03-15：59：30
123123123

执行日期：2015-11-03-15：59：30
【接收到的top_xml通知】:



执行日期：2015-11-03-16：03：19
123123123

执行日期：2015-11-03-16：03：19
【接收到的top_xml通知】:



执行日期：2015-11-03-16：32：27
123123123

执行日期：2015-11-03-16：32：27
【接收到的top_xml通知】:



执行日期：2015-11-03-16：33：43
123123123

执行日期：2015-11-03-16：33：43
【接收到的top_xml通知】:



执行日期：2015-11-03-16：36：54
123123123

执行日期：2015-11-03-16：36：54
【接收到的top_xml通知】:



执行日期：2015-11-03-16：40：22
123123123

执行日期：2015-11-03-16：40：22
【接收到的top_xml通知】:



执行日期：2015-11-03-17：03：42
123123123

执行日期：2015-11-03-17：03：42
【接收到的top_xml通知】:



执行日期：2015-11-03-17：07：06
123123123

执行日期：2015-11-03-17：07：06
【接收到的top_xml通知】:



执行日期：2015-11-03-17：07：45
123123123

执行日期：2015-11-03-17：07：45
【接收到的top_xml通知】:



执行日期：2015-11-03-17：15：26
123123123

执行日期：2015-11-03-17：15：26
【接收到的top_xml通知】:



执行日期：2015-11-03-17：27：10
123123123

执行日期：2015-11-03-17：27：10
【接收到的top_xml通知】:



执行日期：2015-11-03-17：52：28
123123123

执行日期：2015-11-03-17：52：28
【接收到的top_xml通知】:



执行日期：2015-11-03-17：52：43
123123123

执行日期：2015-11-03-17：52：43
【接收到的top_xml通知】:



执行日期：2015-11-03-17：53：24
123123123

执行日期：2015-11-03-17：53：24
【接收到的top_xml通知】:



执行日期：2015-11-03-19：23：24
123123123

执行日期：2015-11-03-19：23：24
【接收到的top_xml通知】:



执行日期：2015-11-03-19：45：53
123123123

执行日期：2015-11-03-19：45：53
【接收到的top_xml通知】:



执行日期：2015-11-03-20：08：15
123123123

执行日期：2015-11-03-20：08：15
【接收到的top_xml通知】:



执行日期：2015-11-03-20：13：08
123123123

执行日期：2015-11-03-20：13：08
【接收到的top_xml通知】:



执行日期：2015-11-03-20：18：06
123123123

执行日期：2015-11-03-20：18：06
【接收到的top_xml通知】:



执行日期：2015-11-03-20：48：28
123123123

执行日期：2015-11-03-20：48：28
【接收到的top_xml通知】:



执行日期：2015-11-03-20：53：13
123123123

执行日期：2015-11-03-20：53：13
【接收到的top_xml通知】:



执行日期：2015-11-03-21：09：00
123123123

执行日期：2015-11-03-21：09：00
【接收到的top_xml通知】:



执行日期：2015-11-03-21：11：41
123123123

执行日期：2015-11-03-21：11：41
【接收到的top_xml通知】:



执行日期：2015-11-03-23：28：06
123123123

执行日期：2015-11-03-23：28：06
【接收到的top_xml通知】:



执行日期：2015-11-03-23：31：29
123123123

执行日期：2015-11-03-23：31：29
【接收到的top_xml通知】:



执行日期：2015-11-03-23：36：51
123123123

执行日期：2015-11-03-23：36：51
【接收到的top_xml通知】:



执行日期：2015-11-03-23：40：36
123123123

执行日期：2015-11-03-23：40：36
【接收到的top_xml通知】:



执行日期：2015-11-03-23：45：34
123123123

执行日期：2015-11-03-23：45：34
【接收到的top_xml通知】:



执行日期：2015-11-04-00：37：46
123123123

执行日期：2015-11-04-00：37：46
【接收到的top_xml通知】:



执行日期：2015-11-04-00：54：25
123123123

执行日期：2015-11-04-00：54：25
【接收到的top_xml通知】:



执行日期：2015-11-04-01：12：22
123123123

执行日期：2015-11-04-01：12：22
【接收到的top_xml通知】:



执行日期：2015-11-04-02：09：40
123123123

执行日期：2015-11-04-02：09：40
【接收到的top_xml通知】:



执行日期：2015-11-04-02：33：19
123123123

执行日期：2015-11-04-02：33：19
【接收到的top_xml通知】:



执行日期：2015-11-04-03：11：54
123123123

执行日期：2015-11-04-03：11：55
【接收到的top_xml通知】:



执行日期：2015-11-04-05：37：13
123123123

执行日期：2015-11-04-05：37：13
【接收到的top_xml通知】:



执行日期：2015-11-04-07：33：43
123123123

执行日期：2015-11-04-07：33：43
【接收到的top_xml通知】:



执行日期：2015-11-04-10：37：35
123123123

执行日期：2015-11-04-10：37：35
【接收到的top_xml通知】:



执行日期：2015-11-04-11：23：18
123123123

执行日期：2015-11-04-11：23：18
【接收到的top_xml通知】:



执行日期：2015-11-04-11：27：39
123123123

执行日期：2015-11-04-11：27：39
【接收到的top_xml通知】:



执行日期：2015-11-04-11：28：13
123123123

执行日期：2015-11-04-11：28：13
【接收到的top_xml通知】:



执行日期：2015-11-04-11：56：40
123123123

执行日期：2015-11-04-11：56：40
【接收到的top_xml通知】:



执行日期：2015-11-04-13：04：38
123123123

执行日期：2015-11-04-13：04：38
【接收到的top_xml通知】:



执行日期：2015-11-04-13：16：42
123123123

执行日期：2015-11-04-13：16：42
【接收到的top_xml通知】:



执行日期：2015-11-04-13：44：40
123123123

执行日期：2015-11-04-13：44：40
【接收到的top_xml通知】:



执行日期：2015-11-04-14：05：31
123123123

执行日期：2015-11-04-14：05：31
【接收到的top_xml通知】:



执行日期：2015-11-04-14：10：43
123123123

执行日期：2015-11-04-14：10：43
【接收到的top_xml通知】:



执行日期：2015-11-04-14：19：23
123123123

执行日期：2015-11-04-14：19：23
【接收到的top_xml通知】:



执行日期：2015-11-04-14：45：54
123123123

执行日期：2015-11-04-14：45：54
【接收到的top_xml通知】:



执行日期：2015-11-04-14：46：08
123123123

执行日期：2015-11-04-14：46：08
【接收到的top_xml通知】:



执行日期：2015-11-04-14：46：21
123123123

执行日期：2015-11-04-14：46：21
【接收到的top_xml通知】:



执行日期：2015-11-04-15：28：13
123123123

执行日期：2015-11-04-15：28：13
【接收到的top_xml通知】:



执行日期：2015-11-04-15：38：28
123123123

执行日期：2015-11-04-15：38：28
【接收到的top_xml通知】:



执行日期：2015-11-04-15：47：07
123123123

执行日期：2015-11-04-15：47：07
【接收到的top_xml通知】:



执行日期：2015-11-04-16：00：44
123123123

执行日期：2015-11-04-16：00：44
【接收到的top_xml通知】:



执行日期：2015-11-04-17：14：11
123123123

执行日期：2015-11-04-17：14：11
【接收到的top_xml通知】:



执行日期：2015-11-04-17：14：38
123123123

执行日期：2015-11-04-17：14：38
【接收到的top_xml通知】:



执行日期：2015-11-04-17：20：15
123123123

执行日期：2015-11-04-17：20：15
【接收到的top_xml通知】:



执行日期：2015-11-04-17：56：48
123123123

执行日期：2015-11-04-17：56：48
【接收到的top_xml通知】:



执行日期：2015-11-04-18：21：00
123123123

执行日期：2015-11-04-18：21：00
【接收到的top_xml通知】:



执行日期：2015-11-04-20：33：41
123123123

执行日期：2015-11-04-20：33：41
【接收到的top_xml通知】:



执行日期：2015-11-04-23：01：06
123123123

执行日期：2015-11-04-23：01：06
【接收到的top_xml通知】:



执行日期：2015-11-04-23：46：44
123123123

执行日期：2015-11-04-23：46：44
【接收到的top_xml通知】:



执行日期：2015-11-05-00：07：33
123123123

执行日期：2015-11-05-00：07：33
【接收到的top_xml通知】:



执行日期：2015-11-05-03：25：48
123123123

执行日期：2015-11-05-03：25：48
【接收到的top_xml通知】:



执行日期：2015-11-05-08：41：49
123123123

执行日期：2015-11-05-08：41：49
【接收到的top_xml通知】:



执行日期：2015-11-05-09：28：55
123123123

执行日期：2015-11-05-09：28：55
【接收到的top_xml通知】:



执行日期：2015-11-05-09：54：21
123123123

执行日期：2015-11-05-09：54：21
【接收到的top_xml通知】:



执行日期：2015-11-05-11：10：09
123123123

执行日期：2015-11-05-11：10：09
【接收到的top_xml通知】:



执行日期：2015-11-05-12：23：45
123123123

执行日期：2015-11-05-12：23：45
【接收到的top_xml通知】:



执行日期：2015-11-05-12：24：53
123123123

执行日期：2015-11-05-12：24：53
【接收到的top_xml通知】:



执行日期：2015-11-05-12：30：57
123123123

执行日期：2015-11-05-12：30：57
【接收到的top_xml通知】:



执行日期：2015-11-05-13：12：12
123123123

执行日期：2015-11-05-13：12：12
【接收到的top_xml通知】:



执行日期：2015-11-05-13：15：11
123123123

执行日期：2015-11-05-13：15：11
【接收到的top_xml通知】:



执行日期：2015-11-05-14：23：44
123123123

执行日期：2015-11-05-14：23：44
【接收到的top_xml通知】:



执行日期：2015-11-05-15：28：37
123123123

执行日期：2015-11-05-15：28：37
【接收到的top_xml通知】:



执行日期：2015-11-05-16：03：21
123123123

执行日期：2015-11-05-16：03：21
【接收到的top_xml通知】:



执行日期：2015-11-06-12：01：18
123123123

执行日期：2015-11-06-12：01：18
【接收到的top_xml通知】:



执行日期：2015-11-06-12：13：03
123123123

执行日期：2015-11-06-12：13：03
【接收到的top_xml通知】:



执行日期：2015-11-06-12：30：49
123123123

执行日期：2015-11-06-12：30：49
【接收到的top_xml通知】:



执行日期：2015-11-06-13：06：58
123123123

执行日期：2015-11-06-13：06：58
【接收到的top_xml通知】:



执行日期：2015-11-06-13：13：29
123123123

执行日期：2015-11-06-13：13：29
【接收到的top_xml通知】:



执行日期：2015-11-06-13：28：54
123123123

执行日期：2015-11-06-13：28：54
【接收到的top_xml通知】:



执行日期：2015-11-06-15：43：22
123123123

执行日期：2015-11-06-15：43：22
【接收到的top_xml通知】:



执行日期：2015-11-06-15：44：10
123123123

执行日期：2015-11-06-15：44：10
【接收到的top_xml通知】:



执行日期：2015-11-06-16：02：11
123123123

执行日期：2015-11-06-16：02：11
【接收到的top_xml通知】:



执行日期：2015-11-06-16：49：11
123123123

执行日期：2015-11-06-16：49：11
【接收到的top_xml通知】:



执行日期：2015-11-06-18：03：28
123123123

执行日期：2015-11-06-18：03：28
【接收到的top_xml通知】:



执行日期：2015-11-06-19：36：54
123123123

执行日期：2015-11-06-19：36：54
【接收到的top_xml通知】:



执行日期：2015-11-07-09：17：07
123123123

执行日期：2015-11-07-09：17：07
【接收到的top_xml通知】:



执行日期：2015-11-07-12：14：59
123123123

执行日期：2015-11-07-12：14：59
【接收到的top_xml通知】:



执行日期：2015-11-07-12：24：42
123123123

执行日期：2015-11-07-12：24：42
【接收到的top_xml通知】:



执行日期：2015-11-07-12：43：21
123123123

执行日期：2015-11-07-12：43：21
【接收到的top_xml通知】:



执行日期：2015-11-07-12：58：13
123123123

执行日期：2015-11-07-12：58：13
【接收到的top_xml通知】:



执行日期：2015-11-07-16：54：48
123123123

执行日期：2015-11-07-16：54：48
【接收到的top_xml通知】:



执行日期：2015-11-07-19：08：25
123123123

执行日期：2015-11-07-19：08：25
【接收到的top_xml通知】:



执行日期：2015-11-07-19：54：30
123123123

执行日期：2015-11-07-19：54：30
【接收到的top_xml通知】:



执行日期：2015-11-07-19：57：09
123123123

执行日期：2015-11-07-19：57：09
【接收到的top_xml通知】:



执行日期：2015-11-07-19：59：19
123123123

执行日期：2015-11-07-19：59：19
【接收到的top_xml通知】:



执行日期：2015-11-07-20：07：15
123123123

执行日期：2015-11-07-20：07：15
【接收到的top_xml通知】:



执行日期：2015-11-07-20：12：49
123123123

执行日期：2015-11-07-20：12：49
【接收到的top_xml通知】:



执行日期：2015-11-07-20：13：29
123123123

执行日期：2015-11-07-20：13：29
【接收到的top_xml通知】:



执行日期：2015-11-07-20：15：02
123123123

执行日期：2015-11-07-20：15：02
【接收到的top_xml通知】:



执行日期：2015-11-07-20：21：58
123123123

执行日期：2015-11-07-20：21：58
【接收到的top_xml通知】:



执行日期：2015-11-07-20：27：36
123123123

执行日期：2015-11-07-20：27：36
【接收到的top_xml通知】:



执行日期：2015-11-07-20：32：31
123123123

执行日期：2015-11-07-20：32：31
【接收到的top_xml通知】:



执行日期：2015-11-07-20：44：16
123123123

执行日期：2015-11-07-20：44：16
【接收到的top_xml通知】:



执行日期：2015-11-07-20：53：44
123123123

执行日期：2015-11-07-20：53：44
【接收到的top_xml通知】:



执行日期：2015-11-07-21：01：01
123123123

执行日期：2015-11-07-21：01：01
【接收到的top_xml通知】:



执行日期：2015-11-07-21：24：38
123123123

执行日期：2015-11-07-21：24：38
【接收到的top_xml通知】:



执行日期：2015-11-07-21：32：26
123123123

执行日期：2015-11-07-21：32：26
【接收到的top_xml通知】:



执行日期：2015-11-07-22：02：35
123123123

执行日期：2015-11-07-22：02：35
【接收到的top_xml通知】:



执行日期：2015-11-07-22：07：36
123123123

执行日期：2015-11-07-22：07：36
【接收到的top_xml通知】:



执行日期：2015-11-07-22：20：13
123123123

执行日期：2015-11-07-22：20：13
【接收到的top_xml通知】:



执行日期：2015-11-07-22：54：20
123123123

执行日期：2015-11-07-22：54：20
【接收到的top_xml通知】:



执行日期：2015-11-07-23：02：43
123123123

执行日期：2015-11-07-23：02：43
【接收到的top_xml通知】:



执行日期：2015-11-07-23：30：53
123123123

执行日期：2015-11-07-23：30：53
【接收到的top_xml通知】:



执行日期：2015-11-07-23：48：50
123123123

执行日期：2015-11-07-23：48：50
【接收到的top_xml通知】:



执行日期：2015-11-07-23：50：33
123123123

执行日期：2015-11-07-23：50：33
【接收到的top_xml通知】:



执行日期：2015-11-08-00：41：17
123123123

执行日期：2015-11-08-00：41：17
【接收到的top_xml通知】:



执行日期：2015-11-08-00：45：39
123123123

执行日期：2015-11-08-00：45：39
【接收到的top_xml通知】:



执行日期：2015-11-08-06：18：36
123123123

执行日期：2015-11-08-06：18：36
【接收到的top_xml通知】:



执行日期：2015-11-08-06：58：33
123123123

执行日期：2015-11-08-06：58：33
【接收到的top_xml通知】:



执行日期：2015-11-08-07：25：50
123123123

执行日期：2015-11-08-07：25：50
【接收到的top_xml通知】:



执行日期：2015-11-08-07：29：50
123123123

执行日期：2015-11-08-07：29：50
【接收到的top_xml通知】:



执行日期：2015-11-08-07：34：09
123123123

执行日期：2015-11-08-07：34：09
【接收到的top_xml通知】:



执行日期：2015-11-08-08：17：19
123123123

执行日期：2015-11-08-08：17：19
【接收到的top_xml通知】:



执行日期：2015-11-08-08：23：43
123123123

执行日期：2015-11-08-08：23：43
【接收到的top_xml通知】:



执行日期：2015-11-08-09：10：16
123123123

执行日期：2015-11-08-09：10：16
【接收到的top_xml通知】:



执行日期：2015-11-08-10：46：52
123123123

执行日期：2015-11-08-10：46：52
【接收到的top_xml通知】:



执行日期：2015-11-08-11：18：07
123123123

执行日期：2015-11-08-11：18：07
【接收到的top_xml通知】:



执行日期：2015-11-08-11：31：30
123123123

执行日期：2015-11-08-11：31：30
【接收到的top_xml通知】:



执行日期：2015-11-08-12：33：03
123123123

执行日期：2015-11-08-12：33：03
【接收到的top_xml通知】:



执行日期：2015-11-08-12：59：43
123123123

执行日期：2015-11-08-12：59：43
【接收到的top_xml通知】:



执行日期：2015-11-08-13：55：54
123123123

执行日期：2015-11-08-13：55：54
【接收到的top_xml通知】:



执行日期：2015-11-08-14：27：28
123123123

执行日期：2015-11-08-14：27：28
【接收到的top_xml通知】:



执行日期：2015-11-08-15：45：10
123123123

执行日期：2015-11-08-15：45：10
【接收到的top_xml通知】:



执行日期：2015-11-08-17：25：57
123123123

执行日期：2015-11-08-17：25：57
【接收到的top_xml通知】:



执行日期：2015-11-08-17：32：24
123123123

执行日期：2015-11-08-17：32：24
【接收到的top_xml通知】:



执行日期：2015-11-08-17：48：41
123123123

执行日期：2015-11-08-17：48：41
【接收到的top_xml通知】:



执行日期：2015-11-08-18：00：48
123123123

执行日期：2015-11-08-18：00：48
【接收到的top_xml通知】:



执行日期：2015-11-08-19：58：42
123123123

执行日期：2015-11-08-19：58：42
【接收到的top_xml通知】:



执行日期：2015-11-08-19：59：55
123123123

执行日期：2015-11-08-19：59：55
【接收到的top_xml通知】:



执行日期：2015-11-08-20：08：29
123123123

执行日期：2015-11-08-20：08：29
【接收到的top_xml通知】:



执行日期：2015-11-08-20：09：50
123123123

执行日期：2015-11-08-20：09：50
【接收到的top_xml通知】:



执行日期：2015-11-08-20：19：21
123123123

执行日期：2015-11-08-20：19：21
【接收到的top_xml通知】:



执行日期：2015-11-08-20：32：02
123123123

执行日期：2015-11-08-20：32：02
【接收到的top_xml通知】:



执行日期：2015-11-08-20：34：15
123123123

执行日期：2015-11-08-20：34：15
【接收到的top_xml通知】:



执行日期：2015-11-08-20：39：34
123123123

执行日期：2015-11-08-20：39：34
【接收到的top_xml通知】:



执行日期：2015-11-08-20：59：00
123123123

执行日期：2015-11-08-20：59：00
【接收到的top_xml通知】:



执行日期：2015-11-08-21：00：30
123123123

执行日期：2015-11-08-21：00：30
【接收到的top_xml通知】:



执行日期：2015-11-08-21：07：30
123123123

执行日期：2015-11-08-21：07：30
【接收到的top_xml通知】:



执行日期：2015-11-08-21：28：14
123123123

执行日期：2015-11-08-21：28：14
【接收到的top_xml通知】:



执行日期：2015-11-08-21：44：21
123123123

执行日期：2015-11-08-21：44：21
【接收到的top_xml通知】:



执行日期：2015-11-08-21：55：53
123123123

执行日期：2015-11-08-21：55：53
【接收到的top_xml通知】:



执行日期：2015-11-08-21：58：33
123123123

执行日期：2015-11-08-21：58：33
【接收到的top_xml通知】:



执行日期：2015-11-08-22：05：26
123123123

执行日期：2015-11-08-22：05：26
【接收到的top_xml通知】:



执行日期：2015-11-08-22：41：26
123123123

执行日期：2015-11-08-22：41：26
【接收到的top_xml通知】:



执行日期：2015-11-09-02：30：42
123123123

执行日期：2015-11-09-02：30：42
【接收到的top_xml通知】:



执行日期：2015-11-09-03：32：58
123123123

执行日期：2015-11-09-03：32：58
【接收到的top_xml通知】:



执行日期：2015-11-09-10：59：48
123123123

执行日期：2015-11-09-10：59：48
【接收到的top_xml通知】:



执行日期：2015-11-09-18：40：02
123123123

执行日期：2015-11-09-18：40：02
【接收到的top_xml通知】:



执行日期：2015-11-09-18：42：35
123123123

执行日期：2015-11-09-18：42：35
【接收到的top_xml通知】:



执行日期：2015-11-09-19：17：29
123123123

执行日期：2015-11-09-19：17：29
【接收到的top_xml通知】:



执行日期：2015-11-09-19：22：33
123123123

执行日期：2015-11-09-19：22：33
【接收到的top_xml通知】:



执行日期：2015-11-09-19：27：30
123123123

执行日期：2015-11-09-19：27：30
【接收到的top_xml通知】:



执行日期：2015-11-09-19：42：44
123123123

执行日期：2015-11-09-19：42：44
【接收到的top_xml通知】:



执行日期：2015-11-10-09：49：43
123123123

执行日期：2015-11-10-09：49：43
【接收到的top_xml通知】:



执行日期：2015-11-11-13：19：41
123123123

执行日期：2015-11-11-13：19：41
【接收到的top_xml通知】:



执行日期：2015-11-11-18：22：03
123123123

执行日期：2015-11-11-18：22：03
【接收到的top_xml通知】:



执行日期：2015-11-11-18：24：52
123123123

执行日期：2015-11-11-18：24：52
【接收到的top_xml通知】:



执行日期：2015-11-11-18：47：56
123123123

执行日期：2015-11-11-18：47：56
【接收到的top_xml通知】:



执行日期：2015-11-11-18：50：47
123123123

执行日期：2015-11-11-18：50：47
【接收到的top_xml通知】:



执行日期：2015-11-12-00：23：40
123123123

执行日期：2015-11-12-00：23：40
【接收到的top_xml通知】:



执行日期：2015-11-12-00：24：33
123123123

执行日期：2015-11-12-00：24：33
【接收到的top_xml通知】:



执行日期：2015-11-12-10：10：34
123123123

执行日期：2015-11-12-10：10：34
【接收到的top_xml通知】:



执行日期：2015-11-12-17：36：21
123123123

执行日期：2015-11-12-17：36：21
【接收到的top_xml通知】:



执行日期：2015-11-12-17：37：38
123123123

执行日期：2015-11-12-17：37：38
【接收到的top_xml通知】:



执行日期：2015-11-12-17：37：52
123123123

执行日期：2015-11-12-17：37：52
【接收到的top_xml通知】:



执行日期：2015-11-12-17：38：07
123123123

执行日期：2015-11-12-17：38：07
【接收到的top_xml通知】:



执行日期：2015-11-12-17：39：36
123123123

执行日期：2015-11-12-17：39：36
【接收到的top_xml通知】:



执行日期：2015-11-12-18：57：48
123123123

执行日期：2015-11-12-18：57：48
【接收到的top_xml通知】:



执行日期：2015-11-12-18：58：26
123123123

执行日期：2015-11-12-18：58：26
【接收到的top_xml通知】:



执行日期：2015-11-13-14：45：23
123123123

执行日期：2015-11-13-14：45：23
【接收到的top_xml通知】:



执行日期：2015-11-15-13：26：49
123123123

执行日期：2015-11-15-13：26：49
【接收到的top_xml通知】:



执行日期：2015-11-18-19：02：45
123123123

执行日期：2015-11-18-19：02：45
【接收到的top_xml通知】:



执行日期：2015-11-18-21：38：33
123123123

执行日期：2015-11-18-21：38：33
【接收到的top_xml通知】:



执行日期：2015-11-18-22：06：13
123123123

执行日期：2015-11-18-22：06：13
【接收到的top_xml通知】:



执行日期：2015-11-18-22：21：46
123123123

执行日期：2015-11-18-22：21：46
【接收到的top_xml通知】:



执行日期：2015-11-19-18：44：46
123123123

执行日期：2015-11-19-18：44：46
【接收到的top_xml通知】:



执行日期：2015-11-19-22：17：38
123123123

执行日期：2015-11-19-22：17：38
【接收到的top_xml通知】:



执行日期：2015-11-19-22：34：23
123123123

执行日期：2015-11-19-22：34：23
【接收到的top_xml通知】:



执行日期：2015-11-19-22：36：06
123123123

执行日期：2015-11-19-22：36：06
【接收到的top_xml通知】:



执行日期：2015-11-19-23：10：53
123123123

执行日期：2015-11-19-23：10：53
【接收到的top_xml通知】:



执行日期：2015-11-19-23：37：09
123123123

执行日期：2015-11-19-23：37：09
【接收到的top_xml通知】:



执行日期：2015-11-19-23：37：39
123123123

执行日期：2015-11-19-23：37：39
【接收到的top_xml通知】:



执行日期：2015-11-20-09：46：33
123123123

执行日期：2015-11-20-09：46：33
【接收到的top_xml通知】:



执行日期：2015-11-20-09：59：31
123123123

执行日期：2015-11-20-09：59：31
【接收到的top_xml通知】:



执行日期：2015-11-20-10：01：50
123123123

执行日期：2015-11-20-10：01：50
【接收到的top_xml通知】:



执行日期：2015-11-20-13：10：51
123123123

执行日期：2015-11-20-13：10：51
【接收到的top_xml通知】:



执行日期：2015-11-20-13：20：33
123123123

执行日期：2015-11-20-13：20：33
【接收到的top_xml通知】:



执行日期：2015-11-20-13：21：58
123123123

执行日期：2015-11-20-13：21：58
【接收到的top_xml通知】:



执行日期：2015-11-20-13：22：13
123123123

执行日期：2015-11-20-13：22：13
【接收到的top_xml通知】:



执行日期：2015-11-20-13：30：12
123123123

执行日期：2015-11-20-13：30：12
【接收到的top_xml通知】:



执行日期：2015-11-20-13：43：37
123123123

执行日期：2015-11-20-13：43：37
【接收到的top_xml通知】:



执行日期：2015-11-20-13：53：00
123123123

执行日期：2015-11-20-13：53：00
【接收到的top_xml通知】:



执行日期：2015-11-20-13：55：03
123123123

执行日期：2015-11-20-13：55：03
【接收到的top_xml通知】:



执行日期：2015-11-24-09：23：09
123123123

执行日期：2015-11-24-09：23：09
【接收到的top_xml通知】:



执行日期：2015-11-24-16：29：45
123123123

执行日期：2015-11-24-16：29：45
【接收到的top_xml通知】:



执行日期：2015-11-24-16：39：42
123123123

执行日期：2015-11-24-16：39：42
【接收到的top_xml通知】:



执行日期：2015-11-24-16：41：31
123123123

执行日期：2015-11-24-16：41：31
【接收到的top_xml通知】:



执行日期：2015-11-24-17：02：18
123123123

执行日期：2015-11-24-17：02：18
【接收到的top_xml通知】:



执行日期：2015-11-24-17：20：45
123123123

执行日期：2015-11-24-17：20：45
【接收到的top_xml通知】:



执行日期：2015-11-24-17：20：58
123123123

执行日期：2015-11-24-17：20：58
【接收到的top_xml通知】:



执行日期：2015-11-24-19：04：26
123123123

执行日期：2015-11-24-19：04：26
【接收到的top_xml通知】:



执行日期：2015-11-24-20：46：09
123123123

执行日期：2015-11-24-20：46：09
【接收到的top_xml通知】:



执行日期：2015-11-24-21：12：54
123123123

执行日期：2015-11-24-21：12：54
【接收到的top_xml通知】:



执行日期：2015-11-24-22：20：41
123123123

执行日期：2015-11-24-22：20：41
【接收到的top_xml通知】:



执行日期：2015-11-24-22：39：55
123123123

执行日期：2015-11-24-22：39：55
【接收到的top_xml通知】:



执行日期：2015-11-24-23：56：54
123123123

执行日期：2015-11-24-23：56：54
【接收到的top_xml通知】:



执行日期：2015-11-25-21：24：31
123123123

执行日期：2015-11-25-21：24：31
【接收到的top_xml通知】:



执行日期：2015-11-25-21：26：47
123123123

执行日期：2015-11-25-21：26：47
【接收到的top_xml通知】:



执行日期：2015-11-25-22：02：37
123123123

执行日期：2015-11-25-22：02：37
【接收到的top_xml通知】:



执行日期：2015-11-26-09：59：02
123123123

执行日期：2015-11-26-09：59：02
【接收到的top_xml通知】:



执行日期：2015-11-26-15：29：25
123123123

执行日期：2015-11-26-15：29：25
【接收到的top_xml通知】:



执行日期：2015-11-26-15：35：37
123123123

执行日期：2015-11-26-15：35：37
【接收到的top_xml通知】:



执行日期：2015-11-26-15：36：36
123123123

执行日期：2015-11-26-15：36：36
【接收到的top_xml通知】:



执行日期：2015-11-26-15：40：03
123123123

执行日期：2015-11-26-15：40：03
【接收到的top_xml通知】:



执行日期：2015-11-26-15：49：37
123123123

执行日期：2015-11-26-15：49：37
【接收到的top_xml通知】:



执行日期：2015-11-26-15：50：57
123123123

执行日期：2015-11-26-15：50：57
【接收到的top_xml通知】:



执行日期：2015-11-26-15：55：52
123123123

执行日期：2015-11-26-15：55：52
【接收到的top_xml通知】:



执行日期：2015-11-26-16：02：33
123123123

执行日期：2015-11-26-16：02：33
【接收到的top_xml通知】:



执行日期：2015-11-26-16：02：38
123123123

执行日期：2015-11-26-16：02：38
【接收到的top_xml通知】:



执行日期：2015-11-26-17：34：32
123123123

执行日期：2015-11-26-17：34：32
【接收到的top_xml通知】:



执行日期：2015-11-30-17：39：16
123123123

执行日期：2015-11-30-17：39：16
【接收到的top_xml通知】:



执行日期：2015-11-30-17：51：42
123123123

执行日期：2015-11-30-17：51：42
【接收到的top_xml通知】:



执行日期：2015-11-30-19：01：59
123123123

执行日期：2015-11-30-19：01：59
【接收到的top_xml通知】:



执行日期：2015-11-30-20：36：57
123123123

执行日期：2015-11-30-20：36：57
【接收到的top_xml通知】:



执行日期：2015-11-30-22：30：29
123123123

执行日期：2015-11-30-22：30：29
【接收到的top_xml通知】:



执行日期：2015-11-30-22：39：14
123123123

执行日期：2015-11-30-22：39：14
【接收到的top_xml通知】:



执行日期：2015-11-30-22：42：38
123123123

执行日期：2015-11-30-22：42：38
【接收到的top_xml通知】:



执行日期：2015-11-30-22：43：12
123123123

执行日期：2015-11-30-22：43：12
【接收到的top_xml通知】:



执行日期：2015-12-02-11：53：14
123123123

执行日期：2015-12-02-11：53：14
【接收到的top_xml通知】:



执行日期：2015-12-02-11：53：57
123123123

执行日期：2015-12-02-11：53：57
【接收到的top_xml通知】:



执行日期：2015-12-02-11：54：11
123123123

执行日期：2015-12-02-11：54：11
【接收到的top_xml通知】:



执行日期：2015-12-02-12：10：51
123123123

执行日期：2015-12-02-12：10：51
【接收到的top_xml通知】:



执行日期：2015-12-02-12：31：26
123123123

执行日期：2015-12-02-12：31：26
【接收到的top_xml通知】:



执行日期：2015-12-02-15：22：09
123123123

执行日期：2015-12-02-15：22：09
【接收到的top_xml通知】:



执行日期：2015-12-02-16：21：42
123123123

执行日期：2015-12-02-16：21：42
【接收到的top_xml通知】:



执行日期：2015-12-03-13：28：49
123123123

执行日期：2015-12-03-13：28：49
【接收到的top_xml通知】:



执行日期：2015-12-03-13：29：05
123123123

执行日期：2015-12-03-13：29：05
【接收到的top_xml通知】:



执行日期：2015-12-03-13：36：25
123123123

执行日期：2015-12-03-13：36：25
【接收到的top_xml通知】:



执行日期：2015-12-03-13：50：27
123123123

执行日期：2015-12-03-13：50：27
【接收到的top_xml通知】:



执行日期：2015-12-03-13：57：23
123123123

执行日期：2015-12-03-13：57：23
【接收到的top_xml通知】:



执行日期：2015-12-03-13：57：43
123123123

执行日期：2015-12-03-13：57：43
【接收到的top_xml通知】:



执行日期：2015-12-03-14：30：12
123123123

执行日期：2015-12-03-14：30：12
【接收到的top_xml通知】:



执行日期：2015-12-03-14：30：53
123123123

执行日期：2015-12-03-14：30：53
【接收到的top_xml通知】:



执行日期：2015-12-03-15：03：55
123123123

执行日期：2015-12-03-15：03：55
【接收到的top_xml通知】:



执行日期：2015-12-03-17：19：19
123123123

执行日期：2015-12-03-17：19：19
【接收到的top_xml通知】:



执行日期：2015-12-03-17：33：45
123123123

执行日期：2015-12-03-17：33：45
【接收到的top_xml通知】:



执行日期：2015-12-03-17：33：57
123123123

执行日期：2015-12-03-17：33：57
【接收到的top_xml通知】:



执行日期：2015-12-03-17：38：01
123123123

执行日期：2015-12-03-17：38：01
【接收到的top_xml通知】:



执行日期：2015-12-03-17：46：21
123123123

执行日期：2015-12-03-17：46：21
【接收到的top_xml通知】:



执行日期：2015-12-03-18：04：58
123123123

执行日期：2015-12-03-18：04：58
【接收到的top_xml通知】:



执行日期：2015-12-03-18：09：03
123123123

执行日期：2015-12-03-18：09：03
【接收到的top_xml通知】:



执行日期：2015-12-03-18：35：57
123123123

执行日期：2015-12-03-18：35：57
【接收到的top_xml通知】:



执行日期：2015-12-03-18：39：18
123123123

执行日期：2015-12-03-18：39：18
【接收到的top_xml通知】:



执行日期：2015-12-03-20：21：23
123123123

执行日期：2015-12-03-20：21：23
【接收到的top_xml通知】:



执行日期：2015-12-04-11：02：25
123123123

执行日期：2015-12-04-11：02：25
【接收到的top_xml通知】:



执行日期：2015-12-05-11：33：52
123123123

执行日期：2015-12-05-11：33：52
【接收到的top_xml通知】:



执行日期：2015-12-07-10：00：53
123123123

执行日期：2015-12-07-10：00：53
【接收到的top_xml通知】:



执行日期：2015-12-07-11：08：17
123123123

执行日期：2015-12-07-11：08：17
【接收到的top_xml通知】:



执行日期：2015-12-08-11：27：12
123123123

执行日期：2015-12-08-11：27：12
【接收到的top_xml通知】:



执行日期：2015-12-09-00：14：17
123123123

执行日期：2015-12-09-00：14：17
【接收到的top_xml通知】:



执行日期：2015-12-09-00：45：53
123123123

执行日期：2015-12-09-00：45：53
【接收到的top_xml通知】:



执行日期：2015-12-09-12：55：22
123123123

执行日期：2015-12-09-12：55：22
【接收到的top_xml通知】:



执行日期：2015-12-10-10：59：44
123123123

执行日期：2015-12-10-10：59：44
【接收到的top_xml通知】:



执行日期：2015-12-10-14：28：45
123123123

执行日期：2015-12-10-14：28：45
【接收到的top_xml通知】:



执行日期：2015-12-10-17：29：13
123123123

执行日期：2015-12-10-17：29：13
【接收到的top_xml通知】:



执行日期：2015-12-10-17：34：54
123123123

执行日期：2015-12-10-17：34：54
【接收到的top_xml通知】:



执行日期：2015-12-10-17：35：22
123123123

执行日期：2015-12-10-17：35：22
【接收到的top_xml通知】:



执行日期：2015-12-10-17：36：03
123123123

执行日期：2015-12-10-17：36：03
【接收到的top_xml通知】:



执行日期：2015-12-11-14：58：01
123123123

执行日期：2015-12-11-14：58：01
【接收到的top_xml通知】:



执行日期：2015-12-11-22：19：58
123123123

执行日期：2015-12-11-22：19：58
【接收到的top_xml通知】:



执行日期：2015-12-11-22：26：55
123123123

执行日期：2015-12-11-22：26：55
【接收到的top_xml通知】:



执行日期：2015-12-11-23：16：02
123123123

执行日期：2015-12-11-23：16：02
【接收到的top_xml通知】:



执行日期：2015-12-14-10：31：49
123123123

执行日期：2015-12-14-10：31：49
【接收到的top_xml通知】:



执行日期：2015-12-14-10：32：09
123123123

执行日期：2015-12-14-10：32：09
【接收到的top_xml通知】:



执行日期：2015-12-14-14：59：25
123123123

执行日期：2015-12-14-14：59：25
【接收到的top_xml通知】:



